2026-03-24 10:14:45,391 [INFO] database: Database initialised at data/bot.db
2026-03-24 10:14:46,029 [INFO] __main__: Bot starting…
2026-03-24 10:14:51,153 [ERROR] telegram.ext: Network Retry Loop (Bootstrap Initialize Application): Timed out: Timed out. Failed run number 0 of 0. Aborting.
Traceback (most recent call last):
  File "C:\Users\illan\AppData\Roaming\Python\Python311\site-packages\httpx\_transports\default.py", line 101, in map_httpcore_exceptions
    yield
  File "C:\Users\illan\AppData\Roaming\Python\Python311\site-packages\httpx\_transports\default.py", line 394, in handle_async_request
    resp = await self._pool.handle_async_request(req)
           ^^^^^^^^^^^^^^^^^^^^^^^^^^^^^^^^^^^^^^^^^^
  File "C:\Users\illan\AppData\Roaming\Python\Python311\site-packages\httpcore\_async\connection_pool.py", line 256, in handle_async_request
    raise exc from None
  File "C:\Users\illan\AppData\Roaming\Python\Python311\site-packages\httpcore\_async\connection_pool.py", line 236, in handle_async_request
    response = await connection.handle_async_request(
               ^^^^^^^^^^^^^^^^^^^^^^^^^^^^^^^^^^^^^^
  File "C:\Users\illan\AppData\Roaming\Python\Python311\site-packages\httpcore\_async\connection.py", line 103, in handle_async_request
    return await self._connection.handle_async_request(request)
           ^^^^^^^^^^^^^^^^^^^^^^^^^^^^^^^^^^^^^^^^^^^^^^^^^^^^
  File "C:\Users\illan\AppData\Roaming\Python\Python311\site-packages\httpcore\_async\http11.py", line 136, in handle_async_request
    raise exc
  File "C:\Users\illan\AppData\Roaming\Python\Python311\site-packages\httpcore\_async\http11.py", line 106, in handle_async_request
    ) = await self._receive_response_headers(**kwargs)
        ^^^^^^^^^^^^^^^^^^^^^^^^^^^^^^^^^^^^^^^^^^^^^^
  File "C:\Users\illan\AppData\Roaming\Python\Python311\site-packages\httpcore\_async\http11.py", line 177, in _receive_response_headers
    event = await self._receive_event(timeout=timeout)
            ^^^^^^^^^^^^^^^^^^^^^^^^^^^^^^^^^^^^^^^^^^
  File "C:\Users\illan\AppData\Roaming\Python\Python311\site-packages\httpcore\_async\http11.py", line 217, in _receive_event
    data = await self._network_stream.read(
           ^^^^^^^^^^^^^^^^^^^^^^^^^^^^^^^^
  File "C:\Users\illan\AppData\Roaming\Python\Python311\site-packages\httpcore\_backends\anyio.py", line 32, in read
    with map_exceptions(exc_map):
  File "C:\Python311\Lib\contextlib.py", line 155, in __exit__
    self.gen.throw(typ, value, traceback)
  File "C:\Users\illan\AppData\Roaming\Python\Python311\site-packages\httpcore\_exceptions.py", line 14, in map_exceptions
    raise to_exc(exc) from exc
httpcore.ReadTimeout

The above exception was the direct cause of the following exception:

Traceback (most recent call last):
  File "C:\Users\illan\AppData\Roaming\Python\Python311\site-packages\telegram\request\_httpxrequest.py", line 279, in do_request
    res = await self._client.request(
          ^^^^^^^^^^^^^^^^^^^^^^^^^^^
  File "C:\Users\illan\AppData\Roaming\Python\Python311\site-packages\httpx\_client.py", line 1540, in request
    return await self.send(request, auth=auth, follow_redirects=follow_redirects)
           ^^^^^^^^^^^^^^^^^^^^^^^^^^^^^^^^^^^^^^^^^^^^^^^^^^^^^^^^^^^^^^^^^^^^^^
  File "C:\Users\illan\AppData\Roaming\Python\Python311\site-packages\httpx\_client.py", line 1629, in send
    response = await self._send_handling_auth(
               ^^^^^^^^^^^^^^^^^^^^^^^^^^^^^^^
  File "C:\Users\illan\AppData\Roaming\Python\Python311\site-packages\httpx\_client.py", line 1657, in _send_handling_auth
    response = await self._send_handling_redirects(
               ^^^^^^^^^^^^^^^^^^^^^^^^^^^^^^^^^^^^
  File "C:\Users\illan\AppData\Roaming\Python\Python311\site-packages\httpx\_client.py", line 1694, in _send_handling_redirects
    response = await self._send_single_request(request)
               ^^^^^^^^^^^^^^^^^^^^^^^^^^^^^^^^^^^^^^^^
  File "C:\Users\illan\AppData\Roaming\Python\Python311\site-packages\httpx\_client.py", line 1730, in _send_single_request
    response = await transport.handle_async_request(request)
               ^^^^^^^^^^^^^^^^^^^^^^^^^^^^^^^^^^^^^^^^^^^^^
  File "C:\Users\illan\AppData\Roaming\Python\Python311\site-packages\httpx\_transports\default.py", line 393, in handle_async_request
    with map_httpcore_exceptions():
  File "C:\Python311\Lib\contextlib.py", line 155, in __exit__
    self.gen.throw(typ, value, traceback)
  File "C:\Users\illan\AppData\Roaming\Python\Python311\site-packages\httpx\_transports\default.py", line 118, in map_httpcore_exceptions
    raise mapped_exc(message) from exc
httpx.ReadTimeout

The above exception was the direct cause of the following exception:

Traceback (most recent call last):
  File "C:\Users\illan\AppData\Roaming\Python\Python311\site-packages\telegram\ext\_utils\networkloop.py", line 161, in network_retry_loop
    await do_action()
  File "C:\Users\illan\AppData\Roaming\Python\Python311\site-packages\telegram\ext\_utils\networkloop.py", line 136, in do_action
    await action_cb()
  File "C:\Users\illan\AppData\Roaming\Python\Python311\site-packages\telegram\ext\_application.py", line 489, in initialize
    await self.bot.initialize()
  File "C:\Users\illan\AppData\Roaming\Python\Python311\site-packages\telegram\ext\_extbot.py", line 316, in initialize
    await super().initialize()
  File "C:\Users\illan\AppData\Roaming\Python\Python311\site-packages\telegram\_bot.py", line 857, in initialize
    await self.get_me()
  File "C:\Users\illan\AppData\Roaming\Python\Python311\site-packages\telegram\ext\_extbot.py", line 2008, in get_me
    return await super().get_me(
           ^^^^^^^^^^^^^^^^^^^^^
  File "C:\Users\illan\AppData\Roaming\Python\Python311\site-packages\telegram\_bot.py", line 990, in get_me
    result = await self._post(
             ^^^^^^^^^^^^^^^^^
  File "C:\Users\illan\AppData\Roaming\Python\Python311\site-packages\telegram\_bot.py", line 704, in _post
    return await self._do_post(
           ^^^^^^^^^^^^^^^^^^^^
  File "C:\Users\illan\AppData\Roaming\Python\Python311\site-packages\telegram\ext\_extbot.py", line 370, in _do_post
    return await super()._do_post(
           ^^^^^^^^^^^^^^^^^^^^^^^
  File "C:\Users\illan\AppData\Roaming\Python\Python311\site-packages\telegram\_bot.py", line 733, in _do_post
    result = await request.post(
             ^^^^^^^^^^^^^^^^^^^
  File "C:\Users\illan\AppData\Roaming\Python\Python311\site-packages\telegram\request\_baserequest.py", line 198, in post
    result = await self._request_wrapper(
             ^^^^^^^^^^^^^^^^^^^^^^^^^^^^
  File "C:\Users\illan\AppData\Roaming\Python\Python311\site-packages\telegram\request\_baserequest.py", line 305, in _request_wrapper
    code, payload = await self.do_request(
                    ^^^^^^^^^^^^^^^^^^^^^^
  File "C:\Users\illan\AppData\Roaming\Python\Python311\site-packages\telegram\request\_httpxrequest.py", line 296, in do_request
    raise TimedOut from err
telegram.error.TimedOut: Timed out
2026-03-24 10:18:07,397 [INFO] database: Database initialised at data/bot.db
2026-03-24 10:18:08,012 [INFO] __main__: Bot starting…
2026-03-24 10:18:08,110 [INFO] httpx: HTTP Request: POST https://api.telegram.org/bot8604311717:AAEzbHx-N1AOaluGO_IZQOlfaNUu_zK80qU/getMe "HTTP/1.1 200 OK"
2026-03-24 10:18:08,128 [INFO] httpx: HTTP Request: POST https://api.telegram.org/bot8604311717:AAEzbHx-N1AOaluGO_IZQOlfaNUu_zK80qU/deleteWebhook "HTTP/1.1 200 OK"
2026-03-24 10:18:08,129 [INFO] telegram.ext.Application: Application started
2026-03-24 10:18:18,206 [INFO] httpx: HTTP Request: POST https://api.telegram.org/bot8604311717:AAEzbHx-N1AOaluGO_IZQOlfaNUu_zK80qU/getUpdates "HTTP/1.1 200 OK"
2026-03-24 10:18:28,227 [INFO] httpx: HTTP Request: POST https://api.telegram.org/bot8604311717:AAEzbHx-N1AOaluGO_IZQOlfaNUu_zK80qU/getUpdates "HTTP/1.1 200 OK"
2026-03-24 10:18:38,254 [INFO] httpx: HTTP Request: POST https://api.telegram.org/bot8604311717:AAEzbHx-N1AOaluGO_IZQOlfaNUu_zK80qU/getUpdates "HTTP/1.1 200 OK"
2026-03-24 10:18:48,275 [INFO] httpx: HTTP Request: POST https://api.telegram.org/bot8604311717:AAEzbHx-N1AOaluGO_IZQOlfaNUu_zK80qU/getUpdates "HTTP/1.1 200 OK"
2026-03-24 10:18:58,298 [INFO] httpx: HTTP Request: POST https://api.telegram.org/bot8604311717:AAEzbHx-N1AOaluGO_IZQOlfaNUu_zK80qU/getUpdates "HTTP/1.1 200 OK"
2026-03-24 10:19:08,322 [INFO] httpx: HTTP Request: POST https://api.telegram.org/bot8604311717:AAEzbHx-N1AOaluGO_IZQOlfaNUu_zK80qU/getUpdates "HTTP/1.1 200 OK"
2026-03-24 10:19:18,345 [INFO] httpx: HTTP Request: POST https://api.telegram.org/bot8604311717:AAEzbHx-N1AOaluGO_IZQOlfaNUu_zK80qU/getUpdates "HTTP/1.1 200 OK"
2026-03-24 10:19:28,365 [INFO] httpx: HTTP Request: POST https://api.telegram.org/bot8604311717:AAEzbHx-N1AOaluGO_IZQOlfaNUu_zK80qU/getUpdates "HTTP/1.1 200 OK"
2026-03-24 10:19:38,383 [INFO] httpx: HTTP Request: POST https://api.telegram.org/bot8604311717:AAEzbHx-N1AOaluGO_IZQOlfaNUu_zK80qU/getUpdates "HTTP/1.1 200 OK"
2026-03-24 10:19:48,405 [INFO] httpx: HTTP Request: POST https://api.telegram.org/bot8604311717:AAEzbHx-N1AOaluGO_IZQOlfaNUu_zK80qU/getUpdates "HTTP/1.1 200 OK"
2026-03-24 10:19:58,427 [INFO] httpx: HTTP Request: POST https://api.telegram.org/bot8604311717:AAEzbHx-N1AOaluGO_IZQOlfaNUu_zK80qU/getUpdates "HTTP/1.1 200 OK"
2026-03-24 10:20:08,451 [INFO] httpx: HTTP Request: POST https://api.telegram.org/bot8604311717:AAEzbHx-N1AOaluGO_IZQOlfaNUu_zK80qU/getUpdates "HTTP/1.1 200 OK"
2026-03-24 10:20:18,469 [INFO] httpx: HTTP Request: POST https://api.telegram.org/bot8604311717:AAEzbHx-N1AOaluGO_IZQOlfaNUu_zK80qU/getUpdates "HTTP/1.1 200 OK"
2026-03-24 10:20:28,489 [INFO] httpx: HTTP Request: POST https://api.telegram.org/bot8604311717:AAEzbHx-N1AOaluGO_IZQOlfaNUu_zK80qU/getUpdates "HTTP/1.1 200 OK"
2026-03-24 10:20:38,516 [INFO] httpx: HTTP Request: POST https://api.telegram.org/bot8604311717:AAEzbHx-N1AOaluGO_IZQOlfaNUu_zK80qU/getUpdates "HTTP/1.1 200 OK"
2026-03-24 10:20:48,536 [INFO] httpx: HTTP Request: POST https://api.telegram.org/bot8604311717:AAEzbHx-N1AOaluGO_IZQOlfaNUu_zK80qU/getUpdates "HTTP/1.1 200 OK"
2026-03-24 10:20:58,560 [INFO] httpx: HTTP Request: POST https://api.telegram.org/bot8604311717:AAEzbHx-N1AOaluGO_IZQOlfaNUu_zK80qU/getUpdates "HTTP/1.1 200 OK"
2026-03-24 10:21:08,585 [INFO] httpx: HTTP Request: POST https://api.telegram.org/bot8604311717:AAEzbHx-N1AOaluGO_IZQOlfaNUu_zK80qU/getUpdates "HTTP/1.1 200 OK"
2026-03-24 10:21:18,610 [INFO] httpx: HTTP Request: POST https://api.telegram.org/bot8604311717:AAEzbHx-N1AOaluGO_IZQOlfaNUu_zK80qU/getUpdates "HTTP/1.1 200 OK"
2026-03-24 10:21:28,637 [INFO] httpx: HTTP Request: POST https://api.telegram.org/bot8604311717:AAEzbHx-N1AOaluGO_IZQOlfaNUu_zK80qU/getUpdates "HTTP/1.1 200 OK"
2026-03-24 10:21:38,656 [INFO] httpx: HTTP Request: POST https://api.telegram.org/bot8604311717:AAEzbHx-N1AOaluGO_IZQOlfaNUu_zK80qU/getUpdates "HTTP/1.1 200 OK"
2026-03-24 10:21:48,684 [INFO] httpx: HTTP Request: POST https://api.telegram.org/bot8604311717:AAEzbHx-N1AOaluGO_IZQOlfaNUu_zK80qU/getUpdates "HTTP/1.1 200 OK"
2026-03-24 10:21:58,708 [INFO] httpx: HTTP Request: POST https://api.telegram.org/bot8604311717:AAEzbHx-N1AOaluGO_IZQOlfaNUu_zK80qU/getUpdates "HTTP/1.1 200 OK"
2026-03-24 10:22:08,729 [INFO] httpx: HTTP Request: POST https://api.telegram.org/bot8604311717:AAEzbHx-N1AOaluGO_IZQOlfaNUu_zK80qU/getUpdates "HTTP/1.1 200 OK"
2026-03-24 10:22:18,753 [INFO] httpx: HTTP Request: POST https://api.telegram.org/bot8604311717:AAEzbHx-N1AOaluGO_IZQOlfaNUu_zK80qU/getUpdates "HTTP/1.1 200 OK"
2026-03-24 10:22:28,774 [INFO] httpx: HTTP Request: POST https://api.telegram.org/bot8604311717:AAEzbHx-N1AOaluGO_IZQOlfaNUu_zK80qU/getUpdates "HTTP/1.1 200 OK"
2026-03-24 10:22:38,795 [INFO] httpx: HTTP Request: POST https://api.telegram.org/bot8604311717:AAEzbHx-N1AOaluGO_IZQOlfaNUu_zK80qU/getUpdates "HTTP/1.1 200 OK"
2026-03-24 10:22:48,818 [INFO] httpx: HTTP Request: POST https://api.telegram.org/bot8604311717:AAEzbHx-N1AOaluGO_IZQOlfaNUu_zK80qU/getUpdates "HTTP/1.1 200 OK"
2026-03-24 10:22:58,839 [INFO] httpx: HTTP Request: POST https://api.telegram.org/bot8604311717:AAEzbHx-N1AOaluGO_IZQOlfaNUu_zK80qU/getUpdates "HTTP/1.1 200 OK"
2026-03-24 10:23:08,863 [INFO] httpx: HTTP Request: POST https://api.telegram.org/bot8604311717:AAEzbHx-N1AOaluGO_IZQOlfaNUu_zK80qU/getUpdates "HTTP/1.1 200 OK"
2026-03-24 10:23:18,885 [INFO] httpx: HTTP Request: POST https://api.telegram.org/bot8604311717:AAEzbHx-N1AOaluGO_IZQOlfaNUu_zK80qU/getUpdates "HTTP/1.1 200 OK"
2026-03-24 10:23:28,911 [INFO] httpx: HTTP Request: POST https://api.telegram.org/bot8604311717:AAEzbHx-N1AOaluGO_IZQOlfaNUu_zK80qU/getUpdates "HTTP/1.1 200 OK"
2026-03-24 10:23:38,930 [INFO] httpx: HTTP Request: POST https://api.telegram.org/bot8604311717:AAEzbHx-N1AOaluGO_IZQOlfaNUu_zK80qU/getUpdates "HTTP/1.1 200 OK"
2026-03-24 10:23:48,951 [INFO] httpx: HTTP Request: POST https://api.telegram.org/bot8604311717:AAEzbHx-N1AOaluGO_IZQOlfaNUu_zK80qU/getUpdates "HTTP/1.1 200 OK"
2026-03-24 10:23:58,971 [INFO] httpx: HTTP Request: POST https://api.telegram.org/bot8604311717:AAEzbHx-N1AOaluGO_IZQOlfaNUu_zK80qU/getUpdates "HTTP/1.1 200 OK"
2026-03-24 10:24:08,995 [INFO] httpx: HTTP Request: POST https://api.telegram.org/bot8604311717:AAEzbHx-N1AOaluGO_IZQOlfaNUu_zK80qU/getUpdates "HTTP/1.1 200 OK"
2026-03-24 10:24:19,016 [INFO] httpx: HTTP Request: POST https://api.telegram.org/bot8604311717:AAEzbHx-N1AOaluGO_IZQOlfaNUu_zK80qU/getUpdates "HTTP/1.1 200 OK"
2026-03-24 10:24:29,047 [INFO] httpx: HTTP Request: POST https://api.telegram.org/bot8604311717:AAEzbHx-N1AOaluGO_IZQOlfaNUu_zK80qU/getUpdates "HTTP/1.1 200 OK"
2026-03-24 10:24:39,067 [INFO] httpx: HTTP Request: POST https://api.telegram.org/bot8604311717:AAEzbHx-N1AOaluGO_IZQOlfaNUu_zK80qU/getUpdates "HTTP/1.1 200 OK"
2026-03-24 10:24:49,087 [INFO] httpx: HTTP Request: POST https://api.telegram.org/bot8604311717:AAEzbHx-N1AOaluGO_IZQOlfaNUu_zK80qU/getUpdates "HTTP/1.1 200 OK"
2026-03-24 10:24:55,481 [INFO] httpx: HTTP Request: POST https://api.telegram.org/bot8604311717:AAEzbHx-N1AOaluGO_IZQOlfaNUu_zK80qU/getUpdates "HTTP/1.1 200 OK"
2026-03-24 10:24:55,699 [INFO] httpx: HTTP Request: POST https://api.telegram.org/bot8604311717:AAEzbHx-N1AOaluGO_IZQOlfaNUu_zK80qU/sendMessage "HTTP/1.1 200 OK"
2026-03-24 10:25:05,505 [INFO] httpx: HTTP Request: POST https://api.telegram.org/bot8604311717:AAEzbHx-N1AOaluGO_IZQOlfaNUu_zK80qU/getUpdates "HTTP/1.1 200 OK"
2026-03-24 10:25:15,529 [INFO] httpx: HTTP Request: POST https://api.telegram.org/bot8604311717:AAEzbHx-N1AOaluGO_IZQOlfaNUu_zK80qU/getUpdates "HTTP/1.1 200 OK"
2026-03-24 10:25:25,548 [INFO] httpx: HTTP Request: POST https://api.telegram.org/bot8604311717:AAEzbHx-N1AOaluGO_IZQOlfaNUu_zK80qU/getUpdates "HTTP/1.1 200 OK"
2026-03-24 10:25:35,576 [INFO] httpx: HTTP Request: POST https://api.telegram.org/bot8604311717:AAEzbHx-N1AOaluGO_IZQOlfaNUu_zK80qU/getUpdates "HTTP/1.1 200 OK"
2026-03-24 10:25:45,600 [INFO] httpx: HTTP Request: POST https://api.telegram.org/bot8604311717:AAEzbHx-N1AOaluGO_IZQOlfaNUu_zK80qU/getUpdates "HTTP/1.1 200 OK"
2026-03-24 10:25:55,621 [INFO] httpx: HTTP Request: POST https://api.telegram.org/bot8604311717:AAEzbHx-N1AOaluGO_IZQOlfaNUu_zK80qU/getUpdates "HTTP/1.1 200 OK"
2026-03-24 10:26:05,643 [INFO] httpx: HTTP Request: POST https://api.telegram.org/bot8604311717:AAEzbHx-N1AOaluGO_IZQOlfaNUu_zK80qU/getUpdates "HTTP/1.1 200 OK"
2026-03-24 10:26:15,662 [INFO] httpx: HTTP Request: POST https://api.telegram.org/bot8604311717:AAEzbHx-N1AOaluGO_IZQOlfaNUu_zK80qU/getUpdates "HTTP/1.1 200 OK"
2026-03-24 10:26:17,403 [INFO] httpx: HTTP Request: POST https://api.telegram.org/bot8604311717:AAEzbHx-N1AOaluGO_IZQOlfaNUu_zK80qU/getUpdates "HTTP/1.1 200 OK"
2026-03-24 10:26:17,511 [INFO] httpx: HTTP Request: POST https://api.telegram.org/bot8604311717:AAEzbHx-N1AOaluGO_IZQOlfaNUu_zK80qU/sendMessage "HTTP/1.1 200 OK"
2026-03-24 10:26:17,512 [INFO] scraper: [MOCK] Returning fake listing for URL: https://www.leboncoin.fr/ad/locations/3124800107
2026-03-24 10:26:17,567 [INFO] httpx: HTTP Request: POST https://api.telegram.org/bot8604311717:AAEzbHx-N1AOaluGO_IZQOlfaNUu_zK80qU/sendMessage "HTTP/1.1 200 OK"
2026-03-24 10:26:17,568 [INFO] agent: [MOCK] Returning template message for seller_type=particulier
2026-03-24 10:26:17,568 [INFO] agent: Listing mock_001 → type=particulier, tone=Séduction / narratif, msg_len=563
2026-03-24 10:26:17,618 [INFO] httpx: HTTP Request: POST https://api.telegram.org/bot8604311717:AAEzbHx-N1AOaluGO_IZQOlfaNUu_zK80qU/sendMessage "HTTP/1.1 200 OK"
2026-03-24 10:26:27,439 [INFO] httpx: HTTP Request: POST https://api.telegram.org/bot8604311717:AAEzbHx-N1AOaluGO_IZQOlfaNUu_zK80qU/getUpdates "HTTP/1.1 200 OK"
2026-03-24 10:26:37,466 [INFO] httpx: HTTP Request: POST https://api.telegram.org/bot8604311717:AAEzbHx-N1AOaluGO_IZQOlfaNUu_zK80qU/getUpdates "HTTP/1.1 200 OK"
2026-03-24 10:26:47,485 [INFO] httpx: HTTP Request: POST https://api.telegram.org/bot8604311717:AAEzbHx-N1AOaluGO_IZQOlfaNUu_zK80qU/getUpdates "HTTP/1.1 200 OK"
2026-03-24 10:26:57,507 [INFO] httpx: HTTP Request: POST https://api.telegram.org/bot8604311717:AAEzbHx-N1AOaluGO_IZQOlfaNUu_zK80qU/getUpdates "HTTP/1.1 200 OK"
2026-03-24 10:27:07,528 [INFO] httpx: HTTP Request: POST https://api.telegram.org/bot8604311717:AAEzbHx-N1AOaluGO_IZQOlfaNUu_zK80qU/getUpdates "HTTP/1.1 200 OK"
2026-03-24 10:27:17,546 [INFO] httpx: HTTP Request: POST https://api.telegram.org/bot8604311717:AAEzbHx-N1AOaluGO_IZQOlfaNUu_zK80qU/getUpdates "HTTP/1.1 200 OK"
2026-03-24 10:27:27,564 [INFO] httpx: HTTP Request: POST https://api.telegram.org/bot8604311717:AAEzbHx-N1AOaluGO_IZQOlfaNUu_zK80qU/getUpdates "HTTP/1.1 200 OK"
2026-03-24 10:27:37,597 [INFO] httpx: HTTP Request: POST https://api.telegram.org/bot8604311717:AAEzbHx-N1AOaluGO_IZQOlfaNUu_zK80qU/getUpdates "HTTP/1.1 200 OK"
2026-03-24 10:27:47,620 [INFO] httpx: HTTP Request: POST https://api.telegram.org/bot8604311717:AAEzbHx-N1AOaluGO_IZQOlfaNUu_zK80qU/getUpdates "HTTP/1.1 200 OK"
2026-03-24 10:27:57,642 [INFO] httpx: HTTP Request: POST https://api.telegram.org/bot8604311717:AAEzbHx-N1AOaluGO_IZQOlfaNUu_zK80qU/getUpdates "HTTP/1.1 200 OK"
2026-03-24 10:28:07,670 [INFO] httpx: HTTP Request: POST https://api.telegram.org/bot8604311717:AAEzbHx-N1AOaluGO_IZQOlfaNUu_zK80qU/getUpdates "HTTP/1.1 200 OK"
2026-03-24 10:28:17,697 [INFO] httpx: HTTP Request: POST https://api.telegram.org/bot8604311717:AAEzbHx-N1AOaluGO_IZQOlfaNUu_zK80qU/getUpdates "HTTP/1.1 200 OK"
2026-03-24 10:28:27,720 [INFO] httpx: HTTP Request: POST https://api.telegram.org/bot8604311717:AAEzbHx-N1AOaluGO_IZQOlfaNUu_zK80qU/getUpdates "HTTP/1.1 200 OK"
2026-03-24 10:28:37,741 [INFO] httpx: HTTP Request: POST https://api.telegram.org/bot8604311717:AAEzbHx-N1AOaluGO_IZQOlfaNUu_zK80qU/getUpdates "HTTP/1.1 200 OK"
2026-03-24 10:28:47,763 [INFO] httpx: HTTP Request: POST https://api.telegram.org/bot8604311717:AAEzbHx-N1AOaluGO_IZQOlfaNUu_zK80qU/getUpdates "HTTP/1.1 200 OK"
2026-03-24 10:28:57,787 [INFO] httpx: HTTP Request: POST https://api.telegram.org/bot8604311717:AAEzbHx-N1AOaluGO_IZQOlfaNUu_zK80qU/getUpdates "HTTP/1.1 200 OK"
2026-03-24 10:29:07,809 [INFO] httpx: HTTP Request: POST https://api.telegram.org/bot8604311717:AAEzbHx-N1AOaluGO_IZQOlfaNUu_zK80qU/getUpdates "HTTP/1.1 200 OK"
2026-03-24 10:29:17,830 [INFO] httpx: HTTP Request: POST https://api.telegram.org/bot8604311717:AAEzbHx-N1AOaluGO_IZQOlfaNUu_zK80qU/getUpdates "HTTP/1.1 200 OK"
2026-03-24 10:29:27,851 [INFO] httpx: HTTP Request: POST https://api.telegram.org/bot8604311717:AAEzbHx-N1AOaluGO_IZQOlfaNUu_zK80qU/getUpdates "HTTP/1.1 200 OK"
2026-03-24 10:29:37,871 [INFO] httpx: HTTP Request: POST https://api.telegram.org/bot8604311717:AAEzbHx-N1AOaluGO_IZQOlfaNUu_zK80qU/getUpdates "HTTP/1.1 200 OK"
2026-03-24 10:29:47,894 [INFO] httpx: HTTP Request: POST https://api.telegram.org/bot8604311717:AAEzbHx-N1AOaluGO_IZQOlfaNUu_zK80qU/getUpdates "HTTP/1.1 200 OK"
2026-03-24 10:29:57,913 [INFO] httpx: HTTP Request: POST https://api.telegram.org/bot8604311717:AAEzbHx-N1AOaluGO_IZQOlfaNUu_zK80qU/getUpdates "HTTP/1.1 200 OK"
2026-03-24 10:30:07,933 [INFO] httpx: HTTP Request: POST https://api.telegram.org/bot8604311717:AAEzbHx-N1AOaluGO_IZQOlfaNUu_zK80qU/getUpdates "HTTP/1.1 200 OK"
2026-03-24 10:30:17,954 [INFO] httpx: HTTP Request: POST https://api.telegram.org/bot8604311717:AAEzbHx-N1AOaluGO_IZQOlfaNUu_zK80qU/getUpdates "HTTP/1.1 200 OK"
2026-03-24 10:30:27,980 [INFO] httpx: HTTP Request: POST https://api.telegram.org/bot8604311717:AAEzbHx-N1AOaluGO_IZQOlfaNUu_zK80qU/getUpdates "HTTP/1.1 200 OK"
2026-03-24 10:30:38,006 [INFO] httpx: HTTP Request: POST https://api.telegram.org/bot8604311717:AAEzbHx-N1AOaluGO_IZQOlfaNUu_zK80qU/getUpdates "HTTP/1.1 200 OK"
2026-03-24 10:30:48,029 [INFO] httpx: HTTP Request: POST https://api.telegram.org/bot8604311717:AAEzbHx-N1AOaluGO_IZQOlfaNUu_zK80qU/getUpdates "HTTP/1.1 200 OK"
2026-03-24 10:30:58,049 [INFO] httpx: HTTP Request: POST https://api.telegram.org/bot8604311717:AAEzbHx-N1AOaluGO_IZQOlfaNUu_zK80qU/getUpdates "HTTP/1.1 200 OK"
2026-03-24 10:31:08,072 [INFO] httpx: HTTP Request: POST https://api.telegram.org/bot8604311717:AAEzbHx-N1AOaluGO_IZQOlfaNUu_zK80qU/getUpdates "HTTP/1.1 200 OK"
2026-03-24 10:31:18,098 [INFO] httpx: HTTP Request: POST https://api.telegram.org/bot8604311717:AAEzbHx-N1AOaluGO_IZQOlfaNUu_zK80qU/getUpdates "HTTP/1.1 200 OK"
2026-03-24 10:31:28,124 [INFO] httpx: HTTP Request: POST https://api.telegram.org/bot8604311717:AAEzbHx-N1AOaluGO_IZQOlfaNUu_zK80qU/getUpdates "HTTP/1.1 200 OK"
2026-03-24 10:31:38,146 [INFO] httpx: HTTP Request: POST https://api.telegram.org/bot8604311717:AAEzbHx-N1AOaluGO_IZQOlfaNUu_zK80qU/getUpdates "HTTP/1.1 200 OK"
2026-03-24 10:31:48,173 [INFO] httpx: HTTP Request: POST https://api.telegram.org/bot8604311717:AAEzbHx-N1AOaluGO_IZQOlfaNUu_zK80qU/getUpdates "HTTP/1.1 200 OK"
2026-03-24 10:31:58,200 [INFO] httpx: HTTP Request: POST https://api.telegram.org/bot8604311717:AAEzbHx-N1AOaluGO_IZQOlfaNUu_zK80qU/getUpdates "HTTP/1.1 200 OK"
2026-03-24 10:32:08,219 [INFO] httpx: HTTP Request: POST https://api.telegram.org/bot8604311717:AAEzbHx-N1AOaluGO_IZQOlfaNUu_zK80qU/getUpdates "HTTP/1.1 200 OK"
2026-03-24 10:32:18,241 [INFO] httpx: HTTP Request: POST https://api.telegram.org/bot8604311717:AAEzbHx-N1AOaluGO_IZQOlfaNUu_zK80qU/getUpdates "HTTP/1.1 200 OK"
2026-03-24 10:32:28,266 [INFO] httpx: HTTP Request: POST https://api.telegram.org/bot8604311717:AAEzbHx-N1AOaluGO_IZQOlfaNUu_zK80qU/getUpdates "HTTP/1.1 200 OK"
2026-03-24 10:32:38,285 [INFO] httpx: HTTP Request: POST https://api.telegram.org/bot8604311717:AAEzbHx-N1AOaluGO_IZQOlfaNUu_zK80qU/getUpdates "HTTP/1.1 200 OK"
2026-03-24 10:32:48,308 [INFO] httpx: HTTP Request: POST https://api.telegram.org/bot8604311717:AAEzbHx-N1AOaluGO_IZQOlfaNUu_zK80qU/getUpdates "HTTP/1.1 200 OK"
2026-03-24 10:32:58,328 [INFO] httpx: HTTP Request: POST https://api.telegram.org/bot8604311717:AAEzbHx-N1AOaluGO_IZQOlfaNUu_zK80qU/getUpdates "HTTP/1.1 200 OK"
2026-03-24 10:33:08,348 [INFO] httpx: HTTP Request: POST https://api.telegram.org/bot8604311717:AAEzbHx-N1AOaluGO_IZQOlfaNUu_zK80qU/getUpdates "HTTP/1.1 200 OK"
2026-03-24 10:33:18,368 [INFO] httpx: HTTP Request: POST https://api.telegram.org/bot8604311717:AAEzbHx-N1AOaluGO_IZQOlfaNUu_zK80qU/getUpdates "HTTP/1.1 200 OK"
2026-03-24 10:33:28,389 [INFO] httpx: HTTP Request: POST https://api.telegram.org/bot8604311717:AAEzbHx-N1AOaluGO_IZQOlfaNUu_zK80qU/getUpdates "HTTP/1.1 200 OK"
2026-03-24 10:33:38,410 [INFO] httpx: HTTP Request: POST https://api.telegram.org/bot8604311717:AAEzbHx-N1AOaluGO_IZQOlfaNUu_zK80qU/getUpdates "HTTP/1.1 200 OK"
2026-03-24 10:33:48,435 [INFO] httpx: HTTP Request: POST https://api.telegram.org/bot8604311717:AAEzbHx-N1AOaluGO_IZQOlfaNUu_zK80qU/getUpdates "HTTP/1.1 200 OK"
2026-03-24 10:33:58,459 [INFO] httpx: HTTP Request: POST https://api.telegram.org/bot8604311717:AAEzbHx-N1AOaluGO_IZQOlfaNUu_zK80qU/getUpdates "HTTP/1.1 200 OK"
2026-03-24 10:34:08,478 [INFO] httpx: HTTP Request: POST https://api.telegram.org/bot8604311717:AAEzbHx-N1AOaluGO_IZQOlfaNUu_zK80qU/getUpdates "HTTP/1.1 200 OK"
2026-03-24 10:34:18,498 [INFO] httpx: HTTP Request: POST https://api.telegram.org/bot8604311717:AAEzbHx-N1AOaluGO_IZQOlfaNUu_zK80qU/getUpdates "HTTP/1.1 200 OK"
2026-03-24 10:34:28,524 [INFO] httpx: HTTP Request: POST https://api.telegram.org/bot8604311717:AAEzbHx-N1AOaluGO_IZQOlfaNUu_zK80qU/getUpdates "HTTP/1.1 200 OK"
2026-03-24 10:34:38,547 [INFO] httpx: HTTP Request: POST https://api.telegram.org/bot8604311717:AAEzbHx-N1AOaluGO_IZQOlfaNUu_zK80qU/getUpdates "HTTP/1.1 200 OK"
2026-03-24 10:34:48,640 [INFO] httpx: HTTP Request: POST https://api.telegram.org/bot8604311717:AAEzbHx-N1AOaluGO_IZQOlfaNUu_zK80qU/getUpdates "HTTP/1.1 200 OK"
2026-03-24 10:34:58,665 [INFO] httpx: HTTP Request: POST https://api.telegram.org/bot8604311717:AAEzbHx-N1AOaluGO_IZQOlfaNUu_zK80qU/getUpdates "HTTP/1.1 200 OK"
2026-03-24 10:35:08,688 [INFO] httpx: HTTP Request: POST https://api.telegram.org/bot8604311717:AAEzbHx-N1AOaluGO_IZQOlfaNUu_zK80qU/getUpdates "HTTP/1.1 200 OK"
2026-03-24 10:35:18,710 [INFO] httpx: HTTP Request: POST https://api.telegram.org/bot8604311717:AAEzbHx-N1AOaluGO_IZQOlfaNUu_zK80qU/getUpdates "HTTP/1.1 200 OK"
2026-03-24 10:35:28,730 [INFO] httpx: HTTP Request: POST https://api.telegram.org/bot8604311717:AAEzbHx-N1AOaluGO_IZQOlfaNUu_zK80qU/getUpdates "HTTP/1.1 200 OK"
2026-03-24 10:35:38,752 [INFO] httpx: HTTP Request: POST https://api.telegram.org/bot8604311717:AAEzbHx-N1AOaluGO_IZQOlfaNUu_zK80qU/getUpdates "HTTP/1.1 200 OK"
2026-03-24 10:35:48,772 [INFO] httpx: HTTP Request: POST https://api.telegram.org/bot8604311717:AAEzbHx-N1AOaluGO_IZQOlfaNUu_zK80qU/getUpdates "HTTP/1.1 200 OK"
2026-03-24 10:35:58,794 [INFO] httpx: HTTP Request: POST https://api.telegram.org/bot8604311717:AAEzbHx-N1AOaluGO_IZQOlfaNUu_zK80qU/getUpdates "HTTP/1.1 200 OK"
2026-03-24 10:36:08,821 [INFO] httpx: HTTP Request: POST https://api.telegram.org/bot8604311717:AAEzbHx-N1AOaluGO_IZQOlfaNUu_zK80qU/getUpdates "HTTP/1.1 200 OK"
2026-03-24 10:36:18,840 [INFO] httpx: HTTP Request: POST https://api.telegram.org/bot8604311717:AAEzbHx-N1AOaluGO_IZQOlfaNUu_zK80qU/getUpdates "HTTP/1.1 200 OK"
2026-03-24 10:36:28,859 [INFO] httpx: HTTP Request: POST https://api.telegram.org/bot8604311717:AAEzbHx-N1AOaluGO_IZQOlfaNUu_zK80qU/getUpdates "HTTP/1.1 200 OK"
2026-03-24 10:36:38,884 [INFO] httpx: HTTP Request: POST https://api.telegram.org/bot8604311717:AAEzbHx-N1AOaluGO_IZQOlfaNUu_zK80qU/getUpdates "HTTP/1.1 200 OK"
2026-03-24 10:36:48,909 [INFO] httpx: HTTP Request: POST https://api.telegram.org/bot8604311717:AAEzbHx-N1AOaluGO_IZQOlfaNUu_zK80qU/getUpdates "HTTP/1.1 200 OK"
2026-03-24 10:36:58,935 [INFO] httpx: HTTP Request: POST https://api.telegram.org/bot8604311717:AAEzbHx-N1AOaluGO_IZQOlfaNUu_zK80qU/getUpdates "HTTP/1.1 200 OK"
2026-03-24 10:37:08,960 [INFO] httpx: HTTP Request: POST https://api.telegram.org/bot8604311717:AAEzbHx-N1AOaluGO_IZQOlfaNUu_zK80qU/getUpdates "HTTP/1.1 200 OK"
2026-03-24 10:37:18,984 [INFO] httpx: HTTP Request: POST https://api.telegram.org/bot8604311717:AAEzbHx-N1AOaluGO_IZQOlfaNUu_zK80qU/getUpdates "HTTP/1.1 200 OK"
2026-03-24 10:37:29,007 [INFO] httpx: HTTP Request: POST https://api.telegram.org/bot8604311717:AAEzbHx-N1AOaluGO_IZQOlfaNUu_zK80qU/getUpdates "HTTP/1.1 200 OK"
2026-03-24 10:37:39,027 [INFO] httpx: HTTP Request: POST https://api.telegram.org/bot8604311717:AAEzbHx-N1AOaluGO_IZQOlfaNUu_zK80qU/getUpdates "HTTP/1.1 200 OK"
2026-03-24 10:37:49,051 [INFO] httpx: HTTP Request: POST https://api.telegram.org/bot8604311717:AAEzbHx-N1AOaluGO_IZQOlfaNUu_zK80qU/getUpdates "HTTP/1.1 200 OK"
2026-03-24 10:37:59,076 [INFO] httpx: HTTP Request: POST https://api.telegram.org/bot8604311717:AAEzbHx-N1AOaluGO_IZQOlfaNUu_zK80qU/getUpdates "HTTP/1.1 200 OK"
2026-03-24 10:38:09,097 [INFO] httpx: HTTP Request: POST https://api.telegram.org/bot8604311717:AAEzbHx-N1AOaluGO_IZQOlfaNUu_zK80qU/getUpdates "HTTP/1.1 200 OK"
2026-03-24 10:38:19,120 [INFO] httpx: HTTP Request: POST https://api.telegram.org/bot8604311717:AAEzbHx-N1AOaluGO_IZQOlfaNUu_zK80qU/getUpdates "HTTP/1.1 200 OK"
2026-03-24 10:38:29,145 [INFO] httpx: HTTP Request: POST https://api.telegram.org/bot8604311717:AAEzbHx-N1AOaluGO_IZQOlfaNUu_zK80qU/getUpdates "HTTP/1.1 200 OK"
2026-03-24 10:38:39,167 [INFO] httpx: HTTP Request: POST https://api.telegram.org/bot8604311717:AAEzbHx-N1AOaluGO_IZQOlfaNUu_zK80qU/getUpdates "HTTP/1.1 200 OK"
2026-03-24 10:38:49,190 [INFO] httpx: HTTP Request: POST https://api.telegram.org/bot8604311717:AAEzbHx-N1AOaluGO_IZQOlfaNUu_zK80qU/getUpdates "HTTP/1.1 200 OK"
2026-03-24 10:38:59,209 [INFO] httpx: HTTP Request: POST https://api.telegram.org/bot8604311717:AAEzbHx-N1AOaluGO_IZQOlfaNUu_zK80qU/getUpdates "HTTP/1.1 200 OK"
2026-03-24 10:39:09,227 [INFO] httpx: HTTP Request: POST https://api.telegram.org/bot8604311717:AAEzbHx-N1AOaluGO_IZQOlfaNUu_zK80qU/getUpdates "HTTP/1.1 200 OK"
2026-03-24 10:39:19,248 [INFO] httpx: HTTP Request: POST https://api.telegram.org/bot8604311717:AAEzbHx-N1AOaluGO_IZQOlfaNUu_zK80qU/getUpdates "HTTP/1.1 200 OK"
2026-03-24 10:39:29,270 [INFO] httpx: HTTP Request: POST https://api.telegram.org/bot8604311717:AAEzbHx-N1AOaluGO_IZQOlfaNUu_zK80qU/getUpdates "HTTP/1.1 200 OK"
2026-03-24 10:39:39,291 [INFO] httpx: HTTP Request: POST https://api.telegram.org/bot8604311717:AAEzbHx-N1AOaluGO_IZQOlfaNUu_zK80qU/getUpdates "HTTP/1.1 200 OK"
2026-03-24 10:39:49,311 [INFO] httpx: HTTP Request: POST https://api.telegram.org/bot8604311717:AAEzbHx-N1AOaluGO_IZQOlfaNUu_zK80qU/getUpdates "HTTP/1.1 200 OK"
2026-03-24 10:39:59,334 [INFO] httpx: HTTP Request: POST https://api.telegram.org/bot8604311717:AAEzbHx-N1AOaluGO_IZQOlfaNUu_zK80qU/getUpdates "HTTP/1.1 200 OK"
2026-03-24 10:40:09,358 [INFO] httpx: HTTP Request: POST https://api.telegram.org/bot8604311717:AAEzbHx-N1AOaluGO_IZQOlfaNUu_zK80qU/getUpdates "HTTP/1.1 200 OK"
2026-03-24 10:40:19,379 [INFO] httpx: HTTP Request: POST https://api.telegram.org/bot8604311717:AAEzbHx-N1AOaluGO_IZQOlfaNUu_zK80qU/getUpdates "HTTP/1.1 200 OK"
2026-03-24 10:40:29,399 [INFO] httpx: HTTP Request: POST https://api.telegram.org/bot8604311717:AAEzbHx-N1AOaluGO_IZQOlfaNUu_zK80qU/getUpdates "HTTP/1.1 200 OK"
2026-03-24 10:40:39,421 [INFO] httpx: HTTP Request: POST https://api.telegram.org/bot8604311717:AAEzbHx-N1AOaluGO_IZQOlfaNUu_zK80qU/getUpdates "HTTP/1.1 200 OK"
2026-03-24 10:40:49,446 [INFO] httpx: HTTP Request: POST https://api.telegram.org/bot8604311717:AAEzbHx-N1AOaluGO_IZQOlfaNUu_zK80qU/getUpdates "HTTP/1.1 200 OK"
2026-03-24 10:40:59,464 [INFO] httpx: HTTP Request: POST https://api.telegram.org/bot8604311717:AAEzbHx-N1AOaluGO_IZQOlfaNUu_zK80qU/getUpdates "HTTP/1.1 200 OK"
2026-03-24 10:41:09,490 [INFO] httpx: HTTP Request: POST https://api.telegram.org/bot8604311717:AAEzbHx-N1AOaluGO_IZQOlfaNUu_zK80qU/getUpdates "HTTP/1.1 200 OK"
2026-03-24 10:41:19,512 [INFO] httpx: HTTP Request: POST https://api.telegram.org/bot8604311717:AAEzbHx-N1AOaluGO_IZQOlfaNUu_zK80qU/getUpdates "HTTP/1.1 200 OK"
2026-03-24 10:41:29,537 [INFO] httpx: HTTP Request: POST https://api.telegram.org/bot8604311717:AAEzbHx-N1AOaluGO_IZQOlfaNUu_zK80qU/getUpdates "HTTP/1.1 200 OK"
2026-03-24 10:41:39,563 [INFO] httpx: HTTP Request: POST https://api.telegram.org/bot8604311717:AAEzbHx-N1AOaluGO_IZQOlfaNUu_zK80qU/getUpdates "HTTP/1.1 200 OK"
2026-03-24 10:41:49,582 [INFO] httpx: HTTP Request: POST https://api.telegram.org/bot8604311717:AAEzbHx-N1AOaluGO_IZQOlfaNUu_zK80qU/getUpdates "HTTP/1.1 200 OK"
2026-03-24 10:41:59,602 [INFO] httpx: HTTP Request: POST https://api.telegram.org/bot8604311717:AAEzbHx-N1AOaluGO_IZQOlfaNUu_zK80qU/getUpdates "HTTP/1.1 200 OK"
2026-03-24 10:42:09,620 [INFO] httpx: HTTP Request: POST https://api.telegram.org/bot8604311717:AAEzbHx-N1AOaluGO_IZQOlfaNUu_zK80qU/getUpdates "HTTP/1.1 200 OK"
2026-03-24 10:42:19,642 [INFO] httpx: HTTP Request: POST https://api.telegram.org/bot8604311717:AAEzbHx-N1AOaluGO_IZQOlfaNUu_zK80qU/getUpdates "HTTP/1.1 200 OK"
2026-03-24 10:42:29,675 [INFO] httpx: HTTP Request: POST https://api.telegram.org/bot8604311717:AAEzbHx-N1AOaluGO_IZQOlfaNUu_zK80qU/getUpdates "HTTP/1.1 200 OK"
2026-03-24 10:42:39,699 [INFO] httpx: HTTP Request: POST https://api.telegram.org/bot8604311717:AAEzbHx-N1AOaluGO_IZQOlfaNUu_zK80qU/getUpdates "HTTP/1.1 200 OK"
2026-03-24 10:42:49,725 [INFO] httpx: HTTP Request: POST https://api.telegram.org/bot8604311717:AAEzbHx-N1AOaluGO_IZQOlfaNUu_zK80qU/getUpdates "HTTP/1.1 200 OK"
2026-03-24 10:42:59,746 [INFO] httpx: HTTP Request: POST https://api.telegram.org/bot8604311717:AAEzbHx-N1AOaluGO_IZQOlfaNUu_zK80qU/getUpdates "HTTP/1.1 200 OK"
2026-03-24 10:43:09,770 [INFO] httpx: HTTP Request: POST https://api.telegram.org/bot8604311717:AAEzbHx-N1AOaluGO_IZQOlfaNUu_zK80qU/getUpdates "HTTP/1.1 200 OK"
2026-03-24 10:43:19,793 [INFO] httpx: HTTP Request: POST https://api.telegram.org/bot8604311717:AAEzbHx-N1AOaluGO_IZQOlfaNUu_zK80qU/getUpdates "HTTP/1.1 200 OK"
2026-03-24 10:43:29,821 [INFO] httpx: HTTP Request: POST https://api.telegram.org/bot8604311717:AAEzbHx-N1AOaluGO_IZQOlfaNUu_zK80qU/getUpdates "HTTP/1.1 200 OK"
2026-03-24 10:43:39,840 [INFO] httpx: HTTP Request: POST https://api.telegram.org/bot8604311717:AAEzbHx-N1AOaluGO_IZQOlfaNUu_zK80qU/getUpdates "HTTP/1.1 200 OK"
2026-03-24 10:43:49,867 [INFO] httpx: HTTP Request: POST https://api.telegram.org/bot8604311717:AAEzbHx-N1AOaluGO_IZQOlfaNUu_zK80qU/getUpdates "HTTP/1.1 200 OK"
2026-03-24 10:43:59,887 [INFO] httpx: HTTP Request: POST https://api.telegram.org/bot8604311717:AAEzbHx-N1AOaluGO_IZQOlfaNUu_zK80qU/getUpdates "HTTP/1.1 200 OK"
2026-03-24 10:44:09,909 [INFO] httpx: HTTP Request: POST https://api.telegram.org/bot8604311717:AAEzbHx-N1AOaluGO_IZQOlfaNUu_zK80qU/getUpdates "HTTP/1.1 200 OK"
2026-03-24 10:44:19,931 [INFO] httpx: HTTP Request: POST https://api.telegram.org/bot8604311717:AAEzbHx-N1AOaluGO_IZQOlfaNUu_zK80qU/getUpdates "HTTP/1.1 200 OK"
2026-03-24 10:44:29,954 [INFO] httpx: HTTP Request: POST https://api.telegram.org/bot8604311717:AAEzbHx-N1AOaluGO_IZQOlfaNUu_zK80qU/getUpdates "HTTP/1.1 200 OK"
2026-03-24 10:44:39,978 [INFO] httpx: HTTP Request: POST https://api.telegram.org/bot8604311717:AAEzbHx-N1AOaluGO_IZQOlfaNUu_zK80qU/getUpdates "HTTP/1.1 200 OK"
2026-03-24 10:44:49,999 [INFO] httpx: HTTP Request: POST https://api.telegram.org/bot8604311717:AAEzbHx-N1AOaluGO_IZQOlfaNUu_zK80qU/getUpdates "HTTP/1.1 200 OK"
2026-03-24 10:45:00,021 [INFO] httpx: HTTP Request: POST https://api.telegram.org/bot8604311717:AAEzbHx-N1AOaluGO_IZQOlfaNUu_zK80qU/getUpdates "HTTP/1.1 200 OK"
2026-03-24 10:45:10,042 [INFO] httpx: HTTP Request: POST https://api.telegram.org/bot8604311717:AAEzbHx-N1AOaluGO_IZQOlfaNUu_zK80qU/getUpdates "HTTP/1.1 200 OK"
2026-03-24 10:45:20,062 [INFO] httpx: HTTP Request: POST https://api.telegram.org/bot8604311717:AAEzbHx-N1AOaluGO_IZQOlfaNUu_zK80qU/getUpdates "HTTP/1.1 200 OK"
2026-03-24 10:45:30,085 [INFO] httpx: HTTP Request: POST https://api.telegram.org/bot8604311717:AAEzbHx-N1AOaluGO_IZQOlfaNUu_zK80qU/getUpdates "HTTP/1.1 200 OK"
2026-03-24 10:45:40,106 [INFO] httpx: HTTP Request: POST https://api.telegram.org/bot8604311717:AAEzbHx-N1AOaluGO_IZQOlfaNUu_zK80qU/getUpdates "HTTP/1.1 200 OK"
2026-03-24 10:45:50,134 [INFO] httpx: HTTP Request: POST https://api.telegram.org/bot8604311717:AAEzbHx-N1AOaluGO_IZQOlfaNUu_zK80qU/getUpdates "HTTP/1.1 200 OK"
2026-03-24 10:46:00,154 [INFO] httpx: HTTP Request: POST https://api.telegram.org/bot8604311717:AAEzbHx-N1AOaluGO_IZQOlfaNUu_zK80qU/getUpdates "HTTP/1.1 200 OK"
2026-03-24 10:46:10,175 [INFO] httpx: HTTP Request: POST https://api.telegram.org/bot8604311717:AAEzbHx-N1AOaluGO_IZQOlfaNUu_zK80qU/getUpdates "HTTP/1.1 200 OK"
2026-03-24 10:46:20,193 [INFO] httpx: HTTP Request: POST https://api.telegram.org/bot8604311717:AAEzbHx-N1AOaluGO_IZQOlfaNUu_zK80qU/getUpdates "HTTP/1.1 200 OK"
2026-03-24 10:46:30,214 [INFO] httpx: HTTP Request: POST https://api.telegram.org/bot8604311717:AAEzbHx-N1AOaluGO_IZQOlfaNUu_zK80qU/getUpdates "HTTP/1.1 200 OK"
2026-03-24 10:46:40,241 [INFO] httpx: HTTP Request: POST https://api.telegram.org/bot8604311717:AAEzbHx-N1AOaluGO_IZQOlfaNUu_zK80qU/getUpdates "HTTP/1.1 200 OK"
2026-03-24 10:46:50,260 [INFO] httpx: HTTP Request: POST https://api.telegram.org/bot8604311717:AAEzbHx-N1AOaluGO_IZQOlfaNUu_zK80qU/getUpdates "HTTP/1.1 200 OK"
2026-03-24 10:47:00,278 [INFO] httpx: HTTP Request: POST https://api.telegram.org/bot8604311717:AAEzbHx-N1AOaluGO_IZQOlfaNUu_zK80qU/getUpdates "HTTP/1.1 200 OK"
2026-03-24 10:47:10,298 [INFO] httpx: HTTP Request: POST https://api.telegram.org/bot8604311717:AAEzbHx-N1AOaluGO_IZQOlfaNUu_zK80qU/getUpdates "HTTP/1.1 200 OK"
2026-03-24 10:47:20,330 [INFO] httpx: HTTP Request: POST https://api.telegram.org/bot8604311717:AAEzbHx-N1AOaluGO_IZQOlfaNUu_zK80qU/getUpdates "HTTP/1.1 200 OK"
2026-03-24 10:47:30,350 [INFO] httpx: HTTP Request: POST https://api.telegram.org/bot8604311717:AAEzbHx-N1AOaluGO_IZQOlfaNUu_zK80qU/getUpdates "HTTP/1.1 200 OK"
2026-03-24 10:47:40,375 [INFO] httpx: HTTP Request: POST https://api.telegram.org/bot8604311717:AAEzbHx-N1AOaluGO_IZQOlfaNUu_zK80qU/getUpdates "HTTP/1.1 200 OK"
2026-03-24 10:47:50,399 [INFO] httpx: HTTP Request: POST https://api.telegram.org/bot8604311717:AAEzbHx-N1AOaluGO_IZQOlfaNUu_zK80qU/getUpdates "HTTP/1.1 200 OK"
2026-03-24 10:48:00,419 [INFO] httpx: HTTP Request: POST https://api.telegram.org/bot8604311717:AAEzbHx-N1AOaluGO_IZQOlfaNUu_zK80qU/getUpdates "HTTP/1.1 200 OK"
2026-03-24 10:48:10,441 [INFO] httpx: HTTP Request: POST https://api.telegram.org/bot8604311717:AAEzbHx-N1AOaluGO_IZQOlfaNUu_zK80qU/getUpdates "HTTP/1.1 200 OK"
2026-03-24 10:48:20,466 [INFO] httpx: HTTP Request: POST https://api.telegram.org/bot8604311717:AAEzbHx-N1AOaluGO_IZQOlfaNUu_zK80qU/getUpdates "HTTP/1.1 200 OK"
2026-03-24 10:48:30,486 [INFO] httpx: HTTP Request: POST https://api.telegram.org/bot8604311717:AAEzbHx-N1AOaluGO_IZQOlfaNUu_zK80qU/getUpdates "HTTP/1.1 200 OK"
2026-03-24 10:48:40,511 [INFO] httpx: HTTP Request: POST https://api.telegram.org/bot8604311717:AAEzbHx-N1AOaluGO_IZQOlfaNUu_zK80qU/getUpdates "HTTP/1.1 200 OK"
2026-03-24 10:48:50,533 [INFO] httpx: HTTP Request: POST https://api.telegram.org/bot8604311717:AAEzbHx-N1AOaluGO_IZQOlfaNUu_zK80qU/getUpdates "HTTP/1.1 200 OK"
2026-03-24 10:49:00,554 [INFO] httpx: HTTP Request: POST https://api.telegram.org/bot8604311717:AAEzbHx-N1AOaluGO_IZQOlfaNUu_zK80qU/getUpdates "HTTP/1.1 200 OK"
2026-03-24 10:49:10,575 [INFO] httpx: HTTP Request: POST https://api.telegram.org/bot8604311717:AAEzbHx-N1AOaluGO_IZQOlfaNUu_zK80qU/getUpdates "HTTP/1.1 200 OK"
2026-03-24 10:49:20,605 [INFO] httpx: HTTP Request: POST https://api.telegram.org/bot8604311717:AAEzbHx-N1AOaluGO_IZQOlfaNUu_zK80qU/getUpdates "HTTP/1.1 200 OK"
2026-03-24 10:49:30,626 [INFO] httpx: HTTP Request: POST https://api.telegram.org/bot8604311717:AAEzbHx-N1AOaluGO_IZQOlfaNUu_zK80qU/getUpdates "HTTP/1.1 200 OK"
2026-03-24 10:49:40,648 [INFO] httpx: HTTP Request: POST https://api.telegram.org/bot8604311717:AAEzbHx-N1AOaluGO_IZQOlfaNUu_zK80qU/getUpdates "HTTP/1.1 200 OK"
2026-03-24 10:49:50,669 [INFO] httpx: HTTP Request: POST https://api.telegram.org/bot8604311717:AAEzbHx-N1AOaluGO_IZQOlfaNUu_zK80qU/getUpdates "HTTP/1.1 200 OK"
2026-03-24 10:50:00,694 [INFO] httpx: HTTP Request: POST https://api.telegram.org/bot8604311717:AAEzbHx-N1AOaluGO_IZQOlfaNUu_zK80qU/getUpdates "HTTP/1.1 200 OK"
2026-03-24 10:50:10,712 [INFO] httpx: HTTP Request: POST https://api.telegram.org/bot8604311717:AAEzbHx-N1AOaluGO_IZQOlfaNUu_zK80qU/getUpdates "HTTP/1.1 200 OK"
2026-03-24 10:50:20,746 [INFO] httpx: HTTP Request: POST https://api.telegram.org/bot8604311717:AAEzbHx-N1AOaluGO_IZQOlfaNUu_zK80qU/getUpdates "HTTP/1.1 200 OK"
2026-03-24 10:50:30,769 [INFO] httpx: HTTP Request: POST https://api.telegram.org/bot8604311717:AAEzbHx-N1AOaluGO_IZQOlfaNUu_zK80qU/getUpdates "HTTP/1.1 200 OK"
2026-03-24 10:50:40,790 [INFO] httpx: HTTP Request: POST https://api.telegram.org/bot8604311717:AAEzbHx-N1AOaluGO_IZQOlfaNUu_zK80qU/getUpdates "HTTP/1.1 200 OK"
2026-03-24 10:50:50,810 [INFO] httpx: HTTP Request: POST https://api.telegram.org/bot8604311717:AAEzbHx-N1AOaluGO_IZQOlfaNUu_zK80qU/getUpdates "HTTP/1.1 200 OK"
2026-03-24 10:51:00,839 [INFO] httpx: HTTP Request: POST https://api.telegram.org/bot8604311717:AAEzbHx-N1AOaluGO_IZQOlfaNUu_zK80qU/getUpdates "HTTP/1.1 200 OK"
2026-03-24 10:51:10,862 [INFO] httpx: HTTP Request: POST https://api.telegram.org/bot8604311717:AAEzbHx-N1AOaluGO_IZQOlfaNUu_zK80qU/getUpdates "HTTP/1.1 200 OK"
2026-03-24 10:51:20,905 [INFO] httpx: HTTP Request: POST https://api.telegram.org/bot8604311717:AAEzbHx-N1AOaluGO_IZQOlfaNUu_zK80qU/getUpdates "HTTP/1.1 200 OK"
2026-03-24 10:51:31,001 [INFO] httpx: HTTP Request: POST https://api.telegram.org/bot8604311717:AAEzbHx-N1AOaluGO_IZQOlfaNUu_zK80qU/getUpdates "HTTP/1.1 200 OK"
2026-03-24 10:51:41,019 [INFO] httpx: HTTP Request: POST https://api.telegram.org/bot8604311717:AAEzbHx-N1AOaluGO_IZQOlfaNUu_zK80qU/getUpdates "HTTP/1.1 200 OK"
2026-03-24 10:51:51,039 [INFO] httpx: HTTP Request: POST https://api.telegram.org/bot8604311717:AAEzbHx-N1AOaluGO_IZQOlfaNUu_zK80qU/getUpdates "HTTP/1.1 200 OK"
2026-03-24 10:52:01,058 [INFO] httpx: HTTP Request: POST https://api.telegram.org/bot8604311717:AAEzbHx-N1AOaluGO_IZQOlfaNUu_zK80qU/getUpdates "HTTP/1.1 200 OK"
2026-03-24 10:52:11,078 [INFO] httpx: HTTP Request: POST https://api.telegram.org/bot8604311717:AAEzbHx-N1AOaluGO_IZQOlfaNUu_zK80qU/getUpdates "HTTP/1.1 200 OK"
2026-03-24 10:52:21,096 [INFO] httpx: HTTP Request: POST https://api.telegram.org/bot8604311717:AAEzbHx-N1AOaluGO_IZQOlfaNUu_zK80qU/getUpdates "HTTP/1.1 200 OK"
2026-03-24 10:52:31,119 [INFO] httpx: HTTP Request: POST https://api.telegram.org/bot8604311717:AAEzbHx-N1AOaluGO_IZQOlfaNUu_zK80qU/getUpdates "HTTP/1.1 200 OK"
2026-03-24 10:52:41,138 [INFO] httpx: HTTP Request: POST https://api.telegram.org/bot8604311717:AAEzbHx-N1AOaluGO_IZQOlfaNUu_zK80qU/getUpdates "HTTP/1.1 200 OK"
2026-03-24 10:52:51,158 [INFO] httpx: HTTP Request: POST https://api.telegram.org/bot8604311717:AAEzbHx-N1AOaluGO_IZQOlfaNUu_zK80qU/getUpdates "HTTP/1.1 200 OK"
2026-03-24 10:53:01,176 [INFO] httpx: HTTP Request: POST https://api.telegram.org/bot8604311717:AAEzbHx-N1AOaluGO_IZQOlfaNUu_zK80qU/getUpdates "HTTP/1.1 200 OK"
2026-03-24 10:53:11,195 [INFO] httpx: HTTP Request: POST https://api.telegram.org/bot8604311717:AAEzbHx-N1AOaluGO_IZQOlfaNUu_zK80qU/getUpdates "HTTP/1.1 200 OK"
2026-03-24 10:53:21,215 [INFO] httpx: HTTP Request: POST https://api.telegram.org/bot8604311717:AAEzbHx-N1AOaluGO_IZQOlfaNUu_zK80qU/getUpdates "HTTP/1.1 200 OK"
2026-03-24 10:53:31,235 [INFO] httpx: HTTP Request: POST https://api.telegram.org/bot8604311717:AAEzbHx-N1AOaluGO_IZQOlfaNUu_zK80qU/getUpdates "HTTP/1.1 200 OK"
2026-03-24 10:53:41,254 [INFO] httpx: HTTP Request: POST https://api.telegram.org/bot8604311717:AAEzbHx-N1AOaluGO_IZQOlfaNUu_zK80qU/getUpdates "HTTP/1.1 200 OK"
2026-03-24 10:53:51,275 [INFO] httpx: HTTP Request: POST https://api.telegram.org/bot8604311717:AAEzbHx-N1AOaluGO_IZQOlfaNUu_zK80qU/getUpdates "HTTP/1.1 200 OK"
2026-03-24 10:54:01,294 [INFO] httpx: HTTP Request: POST https://api.telegram.org/bot8604311717:AAEzbHx-N1AOaluGO_IZQOlfaNUu_zK80qU/getUpdates "HTTP/1.1 200 OK"
2026-03-24 10:54:11,314 [INFO] httpx: HTTP Request: POST https://api.telegram.org/bot8604311717:AAEzbHx-N1AOaluGO_IZQOlfaNUu_zK80qU/getUpdates "HTTP/1.1 200 OK"
2026-03-24 10:54:21,333 [INFO] httpx: HTTP Request: POST https://api.telegram.org/bot8604311717:AAEzbHx-N1AOaluGO_IZQOlfaNUu_zK80qU/getUpdates "HTTP/1.1 200 OK"
2026-03-24 10:54:31,355 [INFO] httpx: HTTP Request: POST https://api.telegram.org/bot8604311717:AAEzbHx-N1AOaluGO_IZQOlfaNUu_zK80qU/getUpdates "HTTP/1.1 200 OK"
2026-03-24 10:54:41,374 [INFO] httpx: HTTP Request: POST https://api.telegram.org/bot8604311717:AAEzbHx-N1AOaluGO_IZQOlfaNUu_zK80qU/getUpdates "HTTP/1.1 200 OK"
2026-03-24 10:54:51,406 [INFO] httpx: HTTP Request: POST https://api.telegram.org/bot8604311717:AAEzbHx-N1AOaluGO_IZQOlfaNUu_zK80qU/getUpdates "HTTP/1.1 200 OK"
2026-03-24 10:55:01,424 [INFO] httpx: HTTP Request: POST https://api.telegram.org/bot8604311717:AAEzbHx-N1AOaluGO_IZQOlfaNUu_zK80qU/getUpdates "HTTP/1.1 200 OK"
2026-03-24 12:27:15,839 [INFO] database: Database initialised at data/bot.db
2026-03-24 12:27:16,436 [INFO] __main__: Bot starting…
2026-03-24 12:27:16,542 [INFO] httpx: HTTP Request: POST https://api.telegram.org/bot8604311717:AAEzbHx-N1AOaluGO_IZQOlfaNUu_zK80qU/getMe "HTTP/1.1 200 OK"
2026-03-24 12:27:16,561 [INFO] httpx: HTTP Request: POST https://api.telegram.org/bot8604311717:AAEzbHx-N1AOaluGO_IZQOlfaNUu_zK80qU/deleteWebhook "HTTP/1.1 200 OK"
2026-03-24 12:27:16,562 [INFO] telegram.ext.Application: Application started
2026-03-24 12:27:26,626 [INFO] httpx: HTTP Request: POST https://api.telegram.org/bot8604311717:AAEzbHx-N1AOaluGO_IZQOlfaNUu_zK80qU/getUpdates "HTTP/1.1 200 OK"
2026-03-24 12:27:36,653 [INFO] httpx: HTTP Request: POST https://api.telegram.org/bot8604311717:AAEzbHx-N1AOaluGO_IZQOlfaNUu_zK80qU/getUpdates "HTTP/1.1 200 OK"
2026-03-24 12:27:46,673 [INFO] httpx: HTTP Request: POST https://api.telegram.org/bot8604311717:AAEzbHx-N1AOaluGO_IZQOlfaNUu_zK80qU/getUpdates "HTTP/1.1 200 OK"
2026-03-24 12:27:56,697 [INFO] httpx: HTTP Request: POST https://api.telegram.org/bot8604311717:AAEzbHx-N1AOaluGO_IZQOlfaNUu_zK80qU/getUpdates "HTTP/1.1 200 OK"
2026-03-24 12:28:06,717 [INFO] httpx: HTTP Request: POST https://api.telegram.org/bot8604311717:AAEzbHx-N1AOaluGO_IZQOlfaNUu_zK80qU/getUpdates "HTTP/1.1 200 OK"
2026-03-24 12:28:16,739 [INFO] httpx: HTTP Request: POST https://api.telegram.org/bot8604311717:AAEzbHx-N1AOaluGO_IZQOlfaNUu_zK80qU/getUpdates "HTTP/1.1 200 OK"
2026-03-24 12:28:26,759 [INFO] httpx: HTTP Request: POST https://api.telegram.org/bot8604311717:AAEzbHx-N1AOaluGO_IZQOlfaNUu_zK80qU/getUpdates "HTTP/1.1 200 OK"
2026-03-24 12:28:31,869 [INFO] httpx: HTTP Request: POST https://api.telegram.org/bot8604311717:AAEzbHx-N1AOaluGO_IZQOlfaNUu_zK80qU/getUpdates "HTTP/1.1 200 OK"
2026-03-24 12:28:32,017 [INFO] httpx: HTTP Request: POST https://api.telegram.org/bot8604311717:AAEzbHx-N1AOaluGO_IZQOlfaNUu_zK80qU/sendMessage "HTTP/1.1 200 OK"
2026-03-24 12:28:32,018 [INFO] scraper: [PLAYWRIGHT] Fetching real listing: https://www.leboncoin.fr/ad/locations/3163891343
2026-03-24 12:28:41,891 [INFO] httpx: HTTP Request: POST https://api.telegram.org/bot8604311717:AAEzbHx-N1AOaluGO_IZQOlfaNUu_zK80qU/getUpdates "HTTP/1.1 200 OK"
2026-03-24 12:28:51,914 [INFO] httpx: HTTP Request: POST https://api.telegram.org/bot8604311717:AAEzbHx-N1AOaluGO_IZQOlfaNUu_zK80qU/getUpdates "HTTP/1.1 200 OK"
2026-03-24 12:29:00,213 [INFO] httpx: HTTP Request: POST https://api.telegram.org/bot8604311717:AAEzbHx-N1AOaluGO_IZQOlfaNUu_zK80qU/sendMessage "HTTP/1.1 200 OK"
2026-03-24 12:29:02,024 [INFO] httpx: HTTP Request: POST https://api.telegram.org/bot8604311717:AAEzbHx-N1AOaluGO_IZQOlfaNUu_zK80qU/getUpdates "HTTP/1.1 200 OK"
2026-03-24 12:29:12,066 [INFO] httpx: HTTP Request: POST https://api.telegram.org/bot8604311717:AAEzbHx-N1AOaluGO_IZQOlfaNUu_zK80qU/getUpdates "HTTP/1.1 200 OK"
2026-03-24 12:29:13,809 [INFO] httpx: HTTP Request: POST https://api.telegram.org/bot8604311717:AAEzbHx-N1AOaluGO_IZQOlfaNUu_zK80qU/getUpdates "HTTP/1.1 200 OK"
2026-03-24 12:29:13,917 [INFO] httpx: HTTP Request: POST https://api.telegram.org/bot8604311717:AAEzbHx-N1AOaluGO_IZQOlfaNUu_zK80qU/sendMessage "HTTP/1.1 200 OK"
2026-03-24 12:29:13,917 [INFO] scraper: [PLAYWRIGHT] Fetching real listing: https://www.leboncoin.fr/ad/locations/3163891343
2026-03-24 12:29:19,804 [INFO] httpx: HTTP Request: POST https://api.telegram.org/bot8604311717:AAEzbHx-N1AOaluGO_IZQOlfaNUu_zK80qU/sendMessage "HTTP/1.1 200 OK"
2026-03-24 12:29:19,805 [INFO] agent: [MOCK] Returning template message for seller_type=agence
2026-03-24 12:29:19,805 [INFO] agent: Listing 3163891343 → type=agence, tone=Professionnel / factuel, msg_len=404
2026-03-24 12:29:19,913 [INFO] httpx: HTTP Request: POST https://api.telegram.org/bot8604311717:AAEzbHx-N1AOaluGO_IZQOlfaNUu_zK80qU/sendMessage "HTTP/1.1 200 OK"
2026-03-24 12:29:23,829 [INFO] httpx: HTTP Request: POST https://api.telegram.org/bot8604311717:AAEzbHx-N1AOaluGO_IZQOlfaNUu_zK80qU/getUpdates "HTTP/1.1 200 OK"
2026-03-24 12:29:33,848 [INFO] httpx: HTTP Request: POST https://api.telegram.org/bot8604311717:AAEzbHx-N1AOaluGO_IZQOlfaNUu_zK80qU/getUpdates "HTTP/1.1 200 OK"
2026-03-24 12:29:43,867 [INFO] httpx: HTTP Request: POST https://api.telegram.org/bot8604311717:AAEzbHx-N1AOaluGO_IZQOlfaNUu_zK80qU/getUpdates "HTTP/1.1 200 OK"
2026-03-24 12:29:53,893 [INFO] httpx: HTTP Request: POST https://api.telegram.org/bot8604311717:AAEzbHx-N1AOaluGO_IZQOlfaNUu_zK80qU/getUpdates "HTTP/1.1 200 OK"
2026-03-24 12:30:03,912 [INFO] httpx: HTTP Request: POST https://api.telegram.org/bot8604311717:AAEzbHx-N1AOaluGO_IZQOlfaNUu_zK80qU/getUpdates "HTTP/1.1 200 OK"
2026-03-24 12:30:13,940 [INFO] httpx: HTTP Request: POST https://api.telegram.org/bot8604311717:AAEzbHx-N1AOaluGO_IZQOlfaNUu_zK80qU/getUpdates "HTTP/1.1 200 OK"
2026-03-24 12:30:23,964 [INFO] httpx: HTTP Request: POST https://api.telegram.org/bot8604311717:AAEzbHx-N1AOaluGO_IZQOlfaNUu_zK80qU/getUpdates "HTTP/1.1 200 OK"
2026-03-24 12:30:33,986 [INFO] httpx: HTTP Request: POST https://api.telegram.org/bot8604311717:AAEzbHx-N1AOaluGO_IZQOlfaNUu_zK80qU/getUpdates "HTTP/1.1 200 OK"
2026-03-24 12:30:44,008 [INFO] httpx: HTTP Request: POST https://api.telegram.org/bot8604311717:AAEzbHx-N1AOaluGO_IZQOlfaNUu_zK80qU/getUpdates "HTTP/1.1 200 OK"
2026-03-24 12:30:54,029 [INFO] httpx: HTTP Request: POST https://api.telegram.org/bot8604311717:AAEzbHx-N1AOaluGO_IZQOlfaNUu_zK80qU/getUpdates "HTTP/1.1 200 OK"
2026-03-24 12:31:04,048 [INFO] httpx: HTTP Request: POST https://api.telegram.org/bot8604311717:AAEzbHx-N1AOaluGO_IZQOlfaNUu_zK80qU/getUpdates "HTTP/1.1 200 OK"
2026-03-24 12:31:14,070 [INFO] httpx: HTTP Request: POST https://api.telegram.org/bot8604311717:AAEzbHx-N1AOaluGO_IZQOlfaNUu_zK80qU/getUpdates "HTTP/1.1 200 OK"
2026-03-24 12:31:24,093 [INFO] httpx: HTTP Request: POST https://api.telegram.org/bot8604311717:AAEzbHx-N1AOaluGO_IZQOlfaNUu_zK80qU/getUpdates "HTTP/1.1 200 OK"
2026-03-24 12:31:34,112 [INFO] httpx: HTTP Request: POST https://api.telegram.org/bot8604311717:AAEzbHx-N1AOaluGO_IZQOlfaNUu_zK80qU/getUpdates "HTTP/1.1 200 OK"
2026-03-24 12:31:44,135 [INFO] httpx: HTTP Request: POST https://api.telegram.org/bot8604311717:AAEzbHx-N1AOaluGO_IZQOlfaNUu_zK80qU/getUpdates "HTTP/1.1 200 OK"
2026-03-24 12:31:54,158 [INFO] httpx: HTTP Request: POST https://api.telegram.org/bot8604311717:AAEzbHx-N1AOaluGO_IZQOlfaNUu_zK80qU/getUpdates "HTTP/1.1 200 OK"
2026-03-24 12:32:04,180 [INFO] httpx: HTTP Request: POST https://api.telegram.org/bot8604311717:AAEzbHx-N1AOaluGO_IZQOlfaNUu_zK80qU/getUpdates "HTTP/1.1 200 OK"
2026-03-24 12:32:14,205 [INFO] httpx: HTTP Request: POST https://api.telegram.org/bot8604311717:AAEzbHx-N1AOaluGO_IZQOlfaNUu_zK80qU/getUpdates "HTTP/1.1 200 OK"
2026-03-24 12:32:24,224 [INFO] httpx: HTTP Request: POST https://api.telegram.org/bot8604311717:AAEzbHx-N1AOaluGO_IZQOlfaNUu_zK80qU/getUpdates "HTTP/1.1 200 OK"
2026-03-24 12:32:34,244 [INFO] httpx: HTTP Request: POST https://api.telegram.org/bot8604311717:AAEzbHx-N1AOaluGO_IZQOlfaNUu_zK80qU/getUpdates "HTTP/1.1 200 OK"
2026-03-24 12:32:44,268 [INFO] httpx: HTTP Request: POST https://api.telegram.org/bot8604311717:AAEzbHx-N1AOaluGO_IZQOlfaNUu_zK80qU/getUpdates "HTTP/1.1 200 OK"
2026-03-24 12:32:54,287 [INFO] httpx: HTTP Request: POST https://api.telegram.org/bot8604311717:AAEzbHx-N1AOaluGO_IZQOlfaNUu_zK80qU/getUpdates "HTTP/1.1 200 OK"
2026-03-24 12:33:04,306 [INFO] httpx: HTTP Request: POST https://api.telegram.org/bot8604311717:AAEzbHx-N1AOaluGO_IZQOlfaNUu_zK80qU/getUpdates "HTTP/1.1 200 OK"
2026-03-24 12:33:14,325 [INFO] httpx: HTTP Request: POST https://api.telegram.org/bot8604311717:AAEzbHx-N1AOaluGO_IZQOlfaNUu_zK80qU/getUpdates "HTTP/1.1 200 OK"
2026-03-24 12:33:24,346 [INFO] httpx: HTTP Request: POST https://api.telegram.org/bot8604311717:AAEzbHx-N1AOaluGO_IZQOlfaNUu_zK80qU/getUpdates "HTTP/1.1 200 OK"
2026-03-24 12:33:34,366 [INFO] httpx: HTTP Request: POST https://api.telegram.org/bot8604311717:AAEzbHx-N1AOaluGO_IZQOlfaNUu_zK80qU/getUpdates "HTTP/1.1 200 OK"
2026-03-24 12:33:44,386 [INFO] httpx: HTTP Request: POST https://api.telegram.org/bot8604311717:AAEzbHx-N1AOaluGO_IZQOlfaNUu_zK80qU/getUpdates "HTTP/1.1 200 OK"
2026-03-24 12:33:54,407 [INFO] httpx: HTTP Request: POST https://api.telegram.org/bot8604311717:AAEzbHx-N1AOaluGO_IZQOlfaNUu_zK80qU/getUpdates "HTTP/1.1 200 OK"
2026-03-24 12:34:04,434 [INFO] httpx: HTTP Request: POST https://api.telegram.org/bot8604311717:AAEzbHx-N1AOaluGO_IZQOlfaNUu_zK80qU/getUpdates "HTTP/1.1 200 OK"
2026-03-24 12:34:14,455 [INFO] httpx: HTTP Request: POST https://api.telegram.org/bot8604311717:AAEzbHx-N1AOaluGO_IZQOlfaNUu_zK80qU/getUpdates "HTTP/1.1 200 OK"
2026-03-24 12:34:24,472 [INFO] httpx: HTTP Request: POST https://api.telegram.org/bot8604311717:AAEzbHx-N1AOaluGO_IZQOlfaNUu_zK80qU/getUpdates "HTTP/1.1 200 OK"
2026-03-24 12:34:34,500 [INFO] httpx: HTTP Request: POST https://api.telegram.org/bot8604311717:AAEzbHx-N1AOaluGO_IZQOlfaNUu_zK80qU/getUpdates "HTTP/1.1 200 OK"
2026-03-24 12:34:44,519 [INFO] httpx: HTTP Request: POST https://api.telegram.org/bot8604311717:AAEzbHx-N1AOaluGO_IZQOlfaNUu_zK80qU/getUpdates "HTTP/1.1 200 OK"
2026-03-24 12:34:54,548 [INFO] httpx: HTTP Request: POST https://api.telegram.org/bot8604311717:AAEzbHx-N1AOaluGO_IZQOlfaNUu_zK80qU/getUpdates "HTTP/1.1 200 OK"
2026-03-25 00:58:26,632 [INFO] database: Database initialised at data/bot.db
2026-03-25 00:58:27,315 [INFO] __main__: Bot starting…
2026-03-25 00:58:27,426 [INFO] httpx: HTTP Request: POST https://api.telegram.org/bot8604311717:AAEzbHx-N1AOaluGO_IZQOlfaNUu_zK80qU/getMe "HTTP/1.1 200 OK"
2026-03-25 00:58:27,443 [INFO] httpx: HTTP Request: POST https://api.telegram.org/bot8604311717:AAEzbHx-N1AOaluGO_IZQOlfaNUu_zK80qU/deleteWebhook "HTTP/1.1 200 OK"
2026-03-25 00:58:27,444 [INFO] telegram.ext.Application: Application started
2026-03-25 00:58:27,510 [INFO] httpx: HTTP Request: POST https://api.telegram.org/bot8604311717:AAEzbHx-N1AOaluGO_IZQOlfaNUu_zK80qU/getUpdates "HTTP/1.1 200 OK"
2026-03-25 00:58:27,511 [INFO] __main__: Chat message received: Hey
2026-03-25 00:58:27,561 [INFO] httpx: HTTP Request: POST https://api.telegram.org/bot8604311717:AAEzbHx-N1AOaluGO_IZQOlfaNUu_zK80qU/sendMessage "HTTP/1.1 200 OK"
2026-03-25 00:58:27,562 [INFO] __main__: Chat message received: Test
2026-03-25 00:58:27,611 [INFO] httpx: HTTP Request: POST https://api.telegram.org/bot8604311717:AAEzbHx-N1AOaluGO_IZQOlfaNUu_zK80qU/sendMessage "HTTP/1.1 200 OK"
2026-03-25 00:58:37,542 [INFO] httpx: HTTP Request: POST https://api.telegram.org/bot8604311717:AAEzbHx-N1AOaluGO_IZQOlfaNUu_zK80qU/getUpdates "HTTP/1.1 200 OK"
2026-03-25 00:58:39,387 [INFO] httpx: HTTP Request: POST https://api.telegram.org/bot8604311717:AAEzbHx-N1AOaluGO_IZQOlfaNUu_zK80qU/getUpdates "HTTP/1.1 200 OK"
2026-03-25 00:58:39,388 [INFO] __main__: Chat message received: Yo ça va
2026-03-25 00:58:39,494 [INFO] httpx: HTTP Request: POST https://api.telegram.org/bot8604311717:AAEzbHx-N1AOaluGO_IZQOlfaNUu_zK80qU/sendMessage "HTTP/1.1 200 OK"
2026-03-25 00:58:45,074 [INFO] httpx: HTTP Request: POST https://api.telegram.org/bot8604311717:AAEzbHx-N1AOaluGO_IZQOlfaNUu_zK80qU/getUpdates "HTTP/1.1 200 OK"
2026-03-25 00:58:45,075 [INFO] __main__: Chat message received: Hey
2026-03-25 00:58:45,212 [INFO] httpx: HTTP Request: POST https://api.telegram.org/bot8604311717:AAEzbHx-N1AOaluGO_IZQOlfaNUu_zK80qU/sendMessage "HTTP/1.1 200 OK"
2026-03-25 00:58:55,097 [INFO] httpx: HTTP Request: POST https://api.telegram.org/bot8604311717:AAEzbHx-N1AOaluGO_IZQOlfaNUu_zK80qU/getUpdates "HTTP/1.1 200 OK"
2026-03-25 00:59:05,117 [INFO] httpx: HTTP Request: POST https://api.telegram.org/bot8604311717:AAEzbHx-N1AOaluGO_IZQOlfaNUu_zK80qU/getUpdates "HTTP/1.1 200 OK"
2026-03-25 00:59:15,141 [INFO] httpx: HTTP Request: POST https://api.telegram.org/bot8604311717:AAEzbHx-N1AOaluGO_IZQOlfaNUu_zK80qU/getUpdates "HTTP/1.1 200 OK"
2026-03-25 00:59:25,164 [INFO] httpx: HTTP Request: POST https://api.telegram.org/bot8604311717:AAEzbHx-N1AOaluGO_IZQOlfaNUu_zK80qU/getUpdates "HTTP/1.1 200 OK"
2026-03-25 00:59:35,192 [INFO] httpx: HTTP Request: POST https://api.telegram.org/bot8604311717:AAEzbHx-N1AOaluGO_IZQOlfaNUu_zK80qU/getUpdates "HTTP/1.1 200 OK"
2026-03-25 00:59:45,211 [INFO] httpx: HTTP Request: POST https://api.telegram.org/bot8604311717:AAEzbHx-N1AOaluGO_IZQOlfaNUu_zK80qU/getUpdates "HTTP/1.1 200 OK"
2026-03-25 00:59:55,236 [INFO] httpx: HTTP Request: POST https://api.telegram.org/bot8604311717:AAEzbHx-N1AOaluGO_IZQOlfaNUu_zK80qU/getUpdates "HTTP/1.1 200 OK"
2026-03-25 01:00:05,258 [INFO] httpx: HTTP Request: POST https://api.telegram.org/bot8604311717:AAEzbHx-N1AOaluGO_IZQOlfaNUu_zK80qU/getUpdates "HTTP/1.1 200 OK"
2026-03-25 01:00:15,299 [INFO] httpx: HTTP Request: POST https://api.telegram.org/bot8604311717:AAEzbHx-N1AOaluGO_IZQOlfaNUu_zK80qU/getUpdates "HTTP/1.1 200 OK"
2026-03-25 01:00:25,326 [INFO] httpx: HTTP Request: POST https://api.telegram.org/bot8604311717:AAEzbHx-N1AOaluGO_IZQOlfaNUu_zK80qU/getUpdates "HTTP/1.1 200 OK"
2026-03-25 01:00:35,347 [INFO] httpx: HTTP Request: POST https://api.telegram.org/bot8604311717:AAEzbHx-N1AOaluGO_IZQOlfaNUu_zK80qU/getUpdates "HTTP/1.1 200 OK"
2026-03-25 01:00:45,367 [INFO] httpx: HTTP Request: POST https://api.telegram.org/bot8604311717:AAEzbHx-N1AOaluGO_IZQOlfaNUu_zK80qU/getUpdates "HTTP/1.1 200 OK"
2026-03-25 01:00:55,397 [INFO] httpx: HTTP Request: POST https://api.telegram.org/bot8604311717:AAEzbHx-N1AOaluGO_IZQOlfaNUu_zK80qU/getUpdates "HTTP/1.1 200 OK"
2026-03-25 01:01:05,416 [INFO] httpx: HTTP Request: POST https://api.telegram.org/bot8604311717:AAEzbHx-N1AOaluGO_IZQOlfaNUu_zK80qU/getUpdates "HTTP/1.1 200 OK"
2026-03-25 01:01:15,444 [INFO] httpx: HTTP Request: POST https://api.telegram.org/bot8604311717:AAEzbHx-N1AOaluGO_IZQOlfaNUu_zK80qU/getUpdates "HTTP/1.1 200 OK"
2026-03-25 01:01:25,463 [INFO] httpx: HTTP Request: POST https://api.telegram.org/bot8604311717:AAEzbHx-N1AOaluGO_IZQOlfaNUu_zK80qU/getUpdates "HTTP/1.1 200 OK"
2026-03-25 01:01:35,484 [INFO] httpx: HTTP Request: POST https://api.telegram.org/bot8604311717:AAEzbHx-N1AOaluGO_IZQOlfaNUu_zK80qU/getUpdates "HTTP/1.1 200 OK"
2026-03-25 01:01:45,509 [INFO] httpx: HTTP Request: POST https://api.telegram.org/bot8604311717:AAEzbHx-N1AOaluGO_IZQOlfaNUu_zK80qU/getUpdates "HTTP/1.1 200 OK"
2026-03-25 01:01:55,531 [INFO] httpx: HTTP Request: POST https://api.telegram.org/bot8604311717:AAEzbHx-N1AOaluGO_IZQOlfaNUu_zK80qU/getUpdates "HTTP/1.1 200 OK"
2026-03-25 01:02:05,553 [INFO] httpx: HTTP Request: POST https://api.telegram.org/bot8604311717:AAEzbHx-N1AOaluGO_IZQOlfaNUu_zK80qU/getUpdates "HTTP/1.1 200 OK"
2026-03-25 01:02:15,575 [INFO] httpx: HTTP Request: POST https://api.telegram.org/bot8604311717:AAEzbHx-N1AOaluGO_IZQOlfaNUu_zK80qU/getUpdates "HTTP/1.1 200 OK"
2026-03-25 01:02:25,602 [INFO] httpx: HTTP Request: POST https://api.telegram.org/bot8604311717:AAEzbHx-N1AOaluGO_IZQOlfaNUu_zK80qU/getUpdates "HTTP/1.1 200 OK"
2026-03-25 01:02:35,629 [INFO] httpx: HTTP Request: POST https://api.telegram.org/bot8604311717:AAEzbHx-N1AOaluGO_IZQOlfaNUu_zK80qU/getUpdates "HTTP/1.1 200 OK"
2026-03-25 01:02:45,650 [INFO] httpx: HTTP Request: POST https://api.telegram.org/bot8604311717:AAEzbHx-N1AOaluGO_IZQOlfaNUu_zK80qU/getUpdates "HTTP/1.1 200 OK"
2026-03-25 01:02:55,674 [INFO] httpx: HTTP Request: POST https://api.telegram.org/bot8604311717:AAEzbHx-N1AOaluGO_IZQOlfaNUu_zK80qU/getUpdates "HTTP/1.1 200 OK"
2026-03-25 01:03:05,691 [INFO] httpx: HTTP Request: POST https://api.telegram.org/bot8604311717:AAEzbHx-N1AOaluGO_IZQOlfaNUu_zK80qU/getUpdates "HTTP/1.1 200 OK"
2026-03-25 01:03:15,714 [INFO] httpx: HTTP Request: POST https://api.telegram.org/bot8604311717:AAEzbHx-N1AOaluGO_IZQOlfaNUu_zK80qU/getUpdates "HTTP/1.1 200 OK"
2026-03-25 01:03:25,734 [INFO] httpx: HTTP Request: POST https://api.telegram.org/bot8604311717:AAEzbHx-N1AOaluGO_IZQOlfaNUu_zK80qU/getUpdates "HTTP/1.1 200 OK"
2026-03-25 01:03:35,756 [INFO] httpx: HTTP Request: POST https://api.telegram.org/bot8604311717:AAEzbHx-N1AOaluGO_IZQOlfaNUu_zK80qU/getUpdates "HTTP/1.1 200 OK"
2026-03-25 01:03:45,781 [INFO] httpx: HTTP Request: POST https://api.telegram.org/bot8604311717:AAEzbHx-N1AOaluGO_IZQOlfaNUu_zK80qU/getUpdates "HTTP/1.1 200 OK"
2026-03-25 01:03:55,803 [INFO] httpx: HTTP Request: POST https://api.telegram.org/bot8604311717:AAEzbHx-N1AOaluGO_IZQOlfaNUu_zK80qU/getUpdates "HTTP/1.1 200 OK"
2026-03-25 01:04:05,824 [INFO] httpx: HTTP Request: POST https://api.telegram.org/bot8604311717:AAEzbHx-N1AOaluGO_IZQOlfaNUu_zK80qU/getUpdates "HTTP/1.1 200 OK"
2026-03-25 01:04:15,846 [INFO] httpx: HTTP Request: POST https://api.telegram.org/bot8604311717:AAEzbHx-N1AOaluGO_IZQOlfaNUu_zK80qU/getUpdates "HTTP/1.1 200 OK"
2026-03-25 01:04:25,892 [INFO] httpx: HTTP Request: POST https://api.telegram.org/bot8604311717:AAEzbHx-N1AOaluGO_IZQOlfaNUu_zK80qU/getUpdates "HTTP/1.1 200 OK"
2026-03-25 01:04:35,912 [INFO] httpx: HTTP Request: POST https://api.telegram.org/bot8604311717:AAEzbHx-N1AOaluGO_IZQOlfaNUu_zK80qU/getUpdates "HTTP/1.1 200 OK"
2026-03-25 01:04:45,931 [INFO] httpx: HTTP Request: POST https://api.telegram.org/bot8604311717:AAEzbHx-N1AOaluGO_IZQOlfaNUu_zK80qU/getUpdates "HTTP/1.1 200 OK"
2026-03-25 01:04:55,967 [INFO] httpx: HTTP Request: POST https://api.telegram.org/bot8604311717:AAEzbHx-N1AOaluGO_IZQOlfaNUu_zK80qU/getUpdates "HTTP/1.1 200 OK"
2026-03-25 01:05:05,989 [INFO] httpx: HTTP Request: POST https://api.telegram.org/bot8604311717:AAEzbHx-N1AOaluGO_IZQOlfaNUu_zK80qU/getUpdates "HTTP/1.1 200 OK"
2026-03-25 01:05:16,009 [INFO] httpx: HTTP Request: POST https://api.telegram.org/bot8604311717:AAEzbHx-N1AOaluGO_IZQOlfaNUu_zK80qU/getUpdates "HTTP/1.1 200 OK"
2026-03-25 01:05:26,034 [INFO] httpx: HTTP Request: POST https://api.telegram.org/bot8604311717:AAEzbHx-N1AOaluGO_IZQOlfaNUu_zK80qU/getUpdates "HTTP/1.1 200 OK"
2026-03-25 01:05:36,053 [INFO] httpx: HTTP Request: POST https://api.telegram.org/bot8604311717:AAEzbHx-N1AOaluGO_IZQOlfaNUu_zK80qU/getUpdates "HTTP/1.1 200 OK"
2026-03-25 01:05:46,076 [INFO] httpx: HTTP Request: POST https://api.telegram.org/bot8604311717:AAEzbHx-N1AOaluGO_IZQOlfaNUu_zK80qU/getUpdates "HTTP/1.1 200 OK"
2026-03-25 01:05:56,096 [INFO] httpx: HTTP Request: POST https://api.telegram.org/bot8604311717:AAEzbHx-N1AOaluGO_IZQOlfaNUu_zK80qU/getUpdates "HTTP/1.1 200 OK"
2026-03-25 01:06:06,121 [INFO] httpx: HTTP Request: POST https://api.telegram.org/bot8604311717:AAEzbHx-N1AOaluGO_IZQOlfaNUu_zK80qU/getUpdates "HTTP/1.1 200 OK"
2026-03-25 01:06:16,140 [INFO] httpx: HTTP Request: POST https://api.telegram.org/bot8604311717:AAEzbHx-N1AOaluGO_IZQOlfaNUu_zK80qU/getUpdates "HTTP/1.1 200 OK"
2026-03-25 01:06:26,173 [INFO] httpx: HTTP Request: POST https://api.telegram.org/bot8604311717:AAEzbHx-N1AOaluGO_IZQOlfaNUu_zK80qU/getUpdates "HTTP/1.1 200 OK"
2026-03-25 01:06:36,192 [INFO] httpx: HTTP Request: POST https://api.telegram.org/bot8604311717:AAEzbHx-N1AOaluGO_IZQOlfaNUu_zK80qU/getUpdates "HTTP/1.1 200 OK"
2026-03-25 01:06:46,214 [INFO] httpx: HTTP Request: POST https://api.telegram.org/bot8604311717:AAEzbHx-N1AOaluGO_IZQOlfaNUu_zK80qU/getUpdates "HTTP/1.1 200 OK"
2026-03-25 01:06:56,236 [INFO] httpx: HTTP Request: POST https://api.telegram.org/bot8604311717:AAEzbHx-N1AOaluGO_IZQOlfaNUu_zK80qU/getUpdates "HTTP/1.1 200 OK"
2026-03-25 01:07:06,259 [INFO] httpx: HTTP Request: POST https://api.telegram.org/bot8604311717:AAEzbHx-N1AOaluGO_IZQOlfaNUu_zK80qU/getUpdates "HTTP/1.1 200 OK"
2026-03-25 01:07:16,291 [INFO] httpx: HTTP Request: POST https://api.telegram.org/bot8604311717:AAEzbHx-N1AOaluGO_IZQOlfaNUu_zK80qU/getUpdates "HTTP/1.1 200 OK"
2026-03-25 01:07:26,311 [INFO] httpx: HTTP Request: POST https://api.telegram.org/bot8604311717:AAEzbHx-N1AOaluGO_IZQOlfaNUu_zK80qU/getUpdates "HTTP/1.1 200 OK"
2026-03-25 01:07:36,348 [INFO] httpx: HTTP Request: POST https://api.telegram.org/bot8604311717:AAEzbHx-N1AOaluGO_IZQOlfaNUu_zK80qU/getUpdates "HTTP/1.1 200 OK"
2026-03-25 01:07:46,372 [INFO] httpx: HTTP Request: POST https://api.telegram.org/bot8604311717:AAEzbHx-N1AOaluGO_IZQOlfaNUu_zK80qU/getUpdates "HTTP/1.1 200 OK"
2026-03-25 01:07:56,395 [INFO] httpx: HTTP Request: POST https://api.telegram.org/bot8604311717:AAEzbHx-N1AOaluGO_IZQOlfaNUu_zK80qU/getUpdates "HTTP/1.1 200 OK"
2026-03-25 01:08:06,415 [INFO] httpx: HTTP Request: POST https://api.telegram.org/bot8604311717:AAEzbHx-N1AOaluGO_IZQOlfaNUu_zK80qU/getUpdates "HTTP/1.1 200 OK"
2026-03-25 01:08:16,438 [INFO] httpx: HTTP Request: POST https://api.telegram.org/bot8604311717:AAEzbHx-N1AOaluGO_IZQOlfaNUu_zK80qU/getUpdates "HTTP/1.1 200 OK"
2026-03-25 01:08:26,458 [INFO] httpx: HTTP Request: POST https://api.telegram.org/bot8604311717:AAEzbHx-N1AOaluGO_IZQOlfaNUu_zK80qU/getUpdates "HTTP/1.1 200 OK"
2026-03-25 01:08:36,481 [INFO] httpx: HTTP Request: POST https://api.telegram.org/bot8604311717:AAEzbHx-N1AOaluGO_IZQOlfaNUu_zK80qU/getUpdates "HTTP/1.1 200 OK"
2026-03-25 01:08:46,504 [INFO] httpx: HTTP Request: POST https://api.telegram.org/bot8604311717:AAEzbHx-N1AOaluGO_IZQOlfaNUu_zK80qU/getUpdates "HTTP/1.1 200 OK"
2026-03-25 01:08:56,527 [INFO] httpx: HTTP Request: POST https://api.telegram.org/bot8604311717:AAEzbHx-N1AOaluGO_IZQOlfaNUu_zK80qU/getUpdates "HTTP/1.1 200 OK"
2026-03-25 01:09:06,550 [INFO] httpx: HTTP Request: POST https://api.telegram.org/bot8604311717:AAEzbHx-N1AOaluGO_IZQOlfaNUu_zK80qU/getUpdates "HTTP/1.1 200 OK"
2026-03-25 01:09:16,570 [INFO] httpx: HTTP Request: POST https://api.telegram.org/bot8604311717:AAEzbHx-N1AOaluGO_IZQOlfaNUu_zK80qU/getUpdates "HTTP/1.1 200 OK"
2026-03-25 01:09:26,591 [INFO] httpx: HTTP Request: POST https://api.telegram.org/bot8604311717:AAEzbHx-N1AOaluGO_IZQOlfaNUu_zK80qU/getUpdates "HTTP/1.1 200 OK"
2026-03-25 01:09:36,613 [INFO] httpx: HTTP Request: POST https://api.telegram.org/bot8604311717:AAEzbHx-N1AOaluGO_IZQOlfaNUu_zK80qU/getUpdates "HTTP/1.1 200 OK"
2026-03-25 01:09:46,636 [INFO] httpx: HTTP Request: POST https://api.telegram.org/bot8604311717:AAEzbHx-N1AOaluGO_IZQOlfaNUu_zK80qU/getUpdates "HTTP/1.1 200 OK"
2026-03-25 01:09:56,657 [INFO] httpx: HTTP Request: POST https://api.telegram.org/bot8604311717:AAEzbHx-N1AOaluGO_IZQOlfaNUu_zK80qU/getUpdates "HTTP/1.1 200 OK"
2026-03-25 01:10:04,617 [INFO] httpx: HTTP Request: POST https://api.telegram.org/bot8604311717:AAEzbHx-N1AOaluGO_IZQOlfaNUu_zK80qU/getUpdates "HTTP/1.1 200 OK"
2026-03-25 01:10:04,726 [INFO] httpx: HTTP Request: POST https://api.telegram.org/bot8604311717:AAEzbHx-N1AOaluGO_IZQOlfaNUu_zK80qU/sendMessage "HTTP/1.1 200 OK"
2026-03-25 01:10:04,778 [INFO] scraper: [MOCK] Returning 5 fake listings
2026-03-25 01:10:06,492 [INFO] httpx: HTTP Request: POST https://api.telegram.org/bot8604311717:AAEzbHx-N1AOaluGO_IZQOlfaNUu_zK80qU/sendMessage "HTTP/1.1 200 OK"
2026-03-25 01:10:14,637 [INFO] httpx: HTTP Request: POST https://api.telegram.org/bot8604311717:AAEzbHx-N1AOaluGO_IZQOlfaNUu_zK80qU/getUpdates "HTTP/1.1 200 OK"
2026-03-25 01:10:14,858 [INFO] httpx: HTTP Request: POST https://api.telegram.org/bot8604311717:AAEzbHx-N1AOaluGO_IZQOlfaNUu_zK80qU/getUpdates "HTTP/1.1 200 OK"
2026-03-25 01:10:14,958 [INFO] httpx: HTTP Request: POST https://api.telegram.org/bot8604311717:AAEzbHx-N1AOaluGO_IZQOlfaNUu_zK80qU/sendMessage "HTTP/1.1 200 OK"
2026-03-25 01:10:14,958 [INFO] scraper: [MOCK] Returning 5 fake listings
2026-03-25 01:10:14,959 [INFO] agent: [MOCK] Returning template message for seller_type=particulier
2026-03-25 01:10:14,959 [INFO] agent: Listing mock_001 → type=particulier, tone=Séduction / narratif, msg_len=563
2026-03-25 01:10:15,285 [INFO] messenger: [MOCK] Fake-sending message to https://www.leboncoin.fr/annonces/mock_001.htm (contact_id=1) — no Playwright, no LBC
2026-03-25 01:10:15,624 [INFO] httpx: HTTP Request: POST https://api.telegram.org/bot8604311717:AAEzbHx-N1AOaluGO_IZQOlfaNUu_zK80qU/sendMessage "HTTP/1.1 200 OK"
2026-03-25 01:10:18,636 [INFO] agent: [MOCK] Returning template message for seller_type=agence
2026-03-25 01:10:18,637 [INFO] agent: Listing mock_002 → type=agence, tone=Professionnel / factuel, msg_len=608
2026-03-25 01:10:18,986 [INFO] messenger: [MOCK] Fake-sending message to https://www.leboncoin.fr/annonces/mock_002.htm (contact_id=2) — no Playwright, no LBC
2026-03-25 01:10:19,373 [INFO] httpx: HTTP Request: POST https://api.telegram.org/bot8604311717:AAEzbHx-N1AOaluGO_IZQOlfaNUu_zK80qU/sendMessage "HTTP/1.1 200 OK"
2026-03-25 01:10:20,997 [INFO] httpx: HTTP Request: POST https://api.telegram.org/bot8604311717:AAEzbHx-N1AOaluGO_IZQOlfaNUu_zK80qU/getUpdates "HTTP/1.1 200 OK"
2026-03-25 01:10:22,379 [INFO] agent: [MOCK] Returning template message for seller_type=particulier
2026-03-25 01:10:22,379 [INFO] agent: Listing mock_003 → type=particulier, tone=Séduction / narratif, msg_len=563
2026-03-25 01:10:22,688 [INFO] messenger: [MOCK] Fake-sending message to https://www.leboncoin.fr/annonces/mock_003.htm (contact_id=3) — no Playwright, no LBC
2026-03-25 01:10:23,077 [INFO] httpx: HTTP Request: POST https://api.telegram.org/bot8604311717:AAEzbHx-N1AOaluGO_IZQOlfaNUu_zK80qU/sendMessage "HTTP/1.1 200 OK"
2026-03-25 01:10:26,083 [INFO] agent: [MOCK] Returning template message for seller_type=agence
2026-03-25 01:10:26,083 [INFO] agent: Listing mock_004 → type=agence, tone=Professionnel / factuel, msg_len=608
2026-03-25 01:10:26,421 [INFO] messenger: [MOCK] Fake-sending message to https://www.leboncoin.fr/annonces/mock_004.htm (contact_id=4) — no Playwright, no LBC
2026-03-25 01:10:26,746 [INFO] httpx: HTTP Request: POST https://api.telegram.org/bot8604311717:AAEzbHx-N1AOaluGO_IZQOlfaNUu_zK80qU/sendMessage "HTTP/1.1 200 OK"
2026-03-25 01:10:29,753 [INFO] agent: [MOCK] Returning template message for seller_type=particulier
2026-03-25 01:10:29,753 [INFO] agent: Listing mock_005 → type=particulier, tone=Séduction / narratif, msg_len=563
2026-03-25 01:10:30,098 [INFO] messenger: [MOCK] Fake-sending message to https://www.leboncoin.fr/annonces/mock_005.htm (contact_id=5) — no Playwright, no LBC
2026-03-25 01:10:30,469 [INFO] httpx: HTTP Request: POST https://api.telegram.org/bot8604311717:AAEzbHx-N1AOaluGO_IZQOlfaNUu_zK80qU/sendMessage "HTTP/1.1 200 OK"
2026-03-25 01:10:31,017 [INFO] httpx: HTTP Request: POST https://api.telegram.org/bot8604311717:AAEzbHx-N1AOaluGO_IZQOlfaNUu_zK80qU/getUpdates "HTTP/1.1 200 OK"
2026-03-25 01:10:33,619 [INFO] httpx: HTTP Request: POST https://api.telegram.org/bot8604311717:AAEzbHx-N1AOaluGO_IZQOlfaNUu_zK80qU/sendMessage "HTTP/1.1 200 OK"
2026-03-25 01:10:33,619 [INFO] __main__: Chat message received: Stop
2026-03-25 01:10:33,714 [INFO] httpx: HTTP Request: POST https://api.telegram.org/bot8604311717:AAEzbHx-N1AOaluGO_IZQOlfaNUu_zK80qU/sendMessage "HTTP/1.1 200 OK"
2026-03-25 01:10:41,037 [INFO] httpx: HTTP Request: POST https://api.telegram.org/bot8604311717:AAEzbHx-N1AOaluGO_IZQOlfaNUu_zK80qU/getUpdates "HTTP/1.1 200 OK"
2026-03-25 01:10:51,055 [INFO] httpx: HTTP Request: POST https://api.telegram.org/bot8604311717:AAEzbHx-N1AOaluGO_IZQOlfaNUu_zK80qU/getUpdates "HTTP/1.1 200 OK"
2026-03-25 01:11:01,075 [INFO] httpx: HTTP Request: POST https://api.telegram.org/bot8604311717:AAEzbHx-N1AOaluGO_IZQOlfaNUu_zK80qU/getUpdates "HTTP/1.1 200 OK"
2026-03-25 01:11:11,096 [INFO] httpx: HTTP Request: POST https://api.telegram.org/bot8604311717:AAEzbHx-N1AOaluGO_IZQOlfaNUu_zK80qU/getUpdates "HTTP/1.1 200 OK"
2026-03-25 01:11:21,123 [INFO] httpx: HTTP Request: POST https://api.telegram.org/bot8604311717:AAEzbHx-N1AOaluGO_IZQOlfaNUu_zK80qU/getUpdates "HTTP/1.1 200 OK"
2026-03-25 01:11:31,147 [INFO] httpx: HTTP Request: POST https://api.telegram.org/bot8604311717:AAEzbHx-N1AOaluGO_IZQOlfaNUu_zK80qU/getUpdates "HTTP/1.1 200 OK"
2026-03-25 01:11:41,167 [INFO] httpx: HTTP Request: POST https://api.telegram.org/bot8604311717:AAEzbHx-N1AOaluGO_IZQOlfaNUu_zK80qU/getUpdates "HTTP/1.1 200 OK"
2026-03-25 01:11:51,186 [INFO] httpx: HTTP Request: POST https://api.telegram.org/bot8604311717:AAEzbHx-N1AOaluGO_IZQOlfaNUu_zK80qU/getUpdates "HTTP/1.1 200 OK"
2026-03-25 01:12:01,206 [INFO] httpx: HTTP Request: POST https://api.telegram.org/bot8604311717:AAEzbHx-N1AOaluGO_IZQOlfaNUu_zK80qU/getUpdates "HTTP/1.1 200 OK"
2026-03-25 01:12:11,226 [INFO] httpx: HTTP Request: POST https://api.telegram.org/bot8604311717:AAEzbHx-N1AOaluGO_IZQOlfaNUu_zK80qU/getUpdates "HTTP/1.1 200 OK"
2026-03-25 01:12:21,247 [INFO] httpx: HTTP Request: POST https://api.telegram.org/bot8604311717:AAEzbHx-N1AOaluGO_IZQOlfaNUu_zK80qU/getUpdates "HTTP/1.1 200 OK"
2026-03-25 01:12:31,269 [INFO] httpx: HTTP Request: POST https://api.telegram.org/bot8604311717:AAEzbHx-N1AOaluGO_IZQOlfaNUu_zK80qU/getUpdates "HTTP/1.1 200 OK"
2026-03-25 01:12:41,291 [INFO] httpx: HTTP Request: POST https://api.telegram.org/bot8604311717:AAEzbHx-N1AOaluGO_IZQOlfaNUu_zK80qU/getUpdates "HTTP/1.1 200 OK"
2026-03-25 01:12:51,311 [INFO] httpx: HTTP Request: POST https://api.telegram.org/bot8604311717:AAEzbHx-N1AOaluGO_IZQOlfaNUu_zK80qU/getUpdates "HTTP/1.1 200 OK"
2026-03-25 01:13:01,335 [INFO] httpx: HTTP Request: POST https://api.telegram.org/bot8604311717:AAEzbHx-N1AOaluGO_IZQOlfaNUu_zK80qU/getUpdates "HTTP/1.1 200 OK"
2026-03-25 01:13:11,359 [INFO] httpx: HTTP Request: POST https://api.telegram.org/bot8604311717:AAEzbHx-N1AOaluGO_IZQOlfaNUu_zK80qU/getUpdates "HTTP/1.1 200 OK"
2026-03-25 01:13:21,379 [INFO] httpx: HTTP Request: POST https://api.telegram.org/bot8604311717:AAEzbHx-N1AOaluGO_IZQOlfaNUu_zK80qU/getUpdates "HTTP/1.1 200 OK"
2026-03-25 01:13:31,161 [INFO] httpx: HTTP Request: POST https://api.telegram.org/bot8604311717:AAEzbHx-N1AOaluGO_IZQOlfaNUu_zK80qU/getUpdates "HTTP/1.1 200 OK"
2026-03-25 01:13:31,274 [INFO] httpx: HTTP Request: POST https://api.telegram.org/bot8604311717:AAEzbHx-N1AOaluGO_IZQOlfaNUu_zK80qU/sendMessage "HTTP/1.1 200 OK"
2026-03-25 01:13:41,185 [INFO] httpx: HTTP Request: POST https://api.telegram.org/bot8604311717:AAEzbHx-N1AOaluGO_IZQOlfaNUu_zK80qU/getUpdates "HTTP/1.1 200 OK"
2026-03-25 01:13:51,206 [INFO] httpx: HTTP Request: POST https://api.telegram.org/bot8604311717:AAEzbHx-N1AOaluGO_IZQOlfaNUu_zK80qU/getUpdates "HTTP/1.1 200 OK"
2026-03-25 01:14:01,226 [INFO] httpx: HTTP Request: POST https://api.telegram.org/bot8604311717:AAEzbHx-N1AOaluGO_IZQOlfaNUu_zK80qU/getUpdates "HTTP/1.1 200 OK"
2026-03-25 01:14:11,244 [INFO] httpx: HTTP Request: POST https://api.telegram.org/bot8604311717:AAEzbHx-N1AOaluGO_IZQOlfaNUu_zK80qU/getUpdates "HTTP/1.1 200 OK"
2026-03-25 01:14:21,264 [INFO] httpx: HTTP Request: POST https://api.telegram.org/bot8604311717:AAEzbHx-N1AOaluGO_IZQOlfaNUu_zK80qU/getUpdates "HTTP/1.1 200 OK"
2026-03-25 01:14:31,283 [INFO] httpx: HTTP Request: POST https://api.telegram.org/bot8604311717:AAEzbHx-N1AOaluGO_IZQOlfaNUu_zK80qU/getUpdates "HTTP/1.1 200 OK"
2026-03-25 01:14:41,374 [INFO] httpx: HTTP Request: POST https://api.telegram.org/bot8604311717:AAEzbHx-N1AOaluGO_IZQOlfaNUu_zK80qU/getUpdates "HTTP/1.1 200 OK"
2026-03-25 01:14:51,393 [INFO] httpx: HTTP Request: POST https://api.telegram.org/bot8604311717:AAEzbHx-N1AOaluGO_IZQOlfaNUu_zK80qU/getUpdates "HTTP/1.1 200 OK"
2026-03-25 01:15:01,411 [INFO] httpx: HTTP Request: POST https://api.telegram.org/bot8604311717:AAEzbHx-N1AOaluGO_IZQOlfaNUu_zK80qU/getUpdates "HTTP/1.1 200 OK"
2026-03-25 01:15:11,431 [INFO] httpx: HTTP Request: POST https://api.telegram.org/bot8604311717:AAEzbHx-N1AOaluGO_IZQOlfaNUu_zK80qU/getUpdates "HTTP/1.1 200 OK"
2026-03-25 01:15:21,449 [INFO] httpx: HTTP Request: POST https://api.telegram.org/bot8604311717:AAEzbHx-N1AOaluGO_IZQOlfaNUu_zK80qU/getUpdates "HTTP/1.1 200 OK"
2026-03-25 01:15:31,467 [INFO] httpx: HTTP Request: POST https://api.telegram.org/bot8604311717:AAEzbHx-N1AOaluGO_IZQOlfaNUu_zK80qU/getUpdates "HTTP/1.1 200 OK"
2026-03-25 01:15:41,486 [INFO] httpx: HTTP Request: POST https://api.telegram.org/bot8604311717:AAEzbHx-N1AOaluGO_IZQOlfaNUu_zK80qU/getUpdates "HTTP/1.1 200 OK"
2026-03-25 01:15:51,508 [INFO] httpx: HTTP Request: POST https://api.telegram.org/bot8604311717:AAEzbHx-N1AOaluGO_IZQOlfaNUu_zK80qU/getUpdates "HTTP/1.1 200 OK"
2026-03-25 01:16:01,528 [INFO] httpx: HTTP Request: POST https://api.telegram.org/bot8604311717:AAEzbHx-N1AOaluGO_IZQOlfaNUu_zK80qU/getUpdates "HTTP/1.1 200 OK"
2026-03-25 01:16:11,547 [INFO] httpx: HTTP Request: POST https://api.telegram.org/bot8604311717:AAEzbHx-N1AOaluGO_IZQOlfaNUu_zK80qU/getUpdates "HTTP/1.1 200 OK"
2026-03-25 01:16:21,565 [INFO] httpx: HTTP Request: POST https://api.telegram.org/bot8604311717:AAEzbHx-N1AOaluGO_IZQOlfaNUu_zK80qU/getUpdates "HTTP/1.1 200 OK"
2026-03-25 01:16:31,583 [INFO] httpx: HTTP Request: POST https://api.telegram.org/bot8604311717:AAEzbHx-N1AOaluGO_IZQOlfaNUu_zK80qU/getUpdates "HTTP/1.1 200 OK"
2026-03-25 01:16:41,602 [INFO] httpx: HTTP Request: POST https://api.telegram.org/bot8604311717:AAEzbHx-N1AOaluGO_IZQOlfaNUu_zK80qU/getUpdates "HTTP/1.1 200 OK"
2026-03-25 01:16:51,621 [INFO] httpx: HTTP Request: POST https://api.telegram.org/bot8604311717:AAEzbHx-N1AOaluGO_IZQOlfaNUu_zK80qU/getUpdates "HTTP/1.1 200 OK"
2026-03-25 01:17:01,640 [INFO] httpx: HTTP Request: POST https://api.telegram.org/bot8604311717:AAEzbHx-N1AOaluGO_IZQOlfaNUu_zK80qU/getUpdates "HTTP/1.1 200 OK"
2026-03-25 01:17:11,658 [INFO] httpx: HTTP Request: POST https://api.telegram.org/bot8604311717:AAEzbHx-N1AOaluGO_IZQOlfaNUu_zK80qU/getUpdates "HTTP/1.1 200 OK"
2026-03-25 01:17:21,676 [INFO] httpx: HTTP Request: POST https://api.telegram.org/bot8604311717:AAEzbHx-N1AOaluGO_IZQOlfaNUu_zK80qU/getUpdates "HTTP/1.1 200 OK"
2026-03-25 01:17:31,695 [INFO] httpx: HTTP Request: POST https://api.telegram.org/bot8604311717:AAEzbHx-N1AOaluGO_IZQOlfaNUu_zK80qU/getUpdates "HTTP/1.1 200 OK"
2026-03-25 01:17:41,713 [INFO] httpx: HTTP Request: POST https://api.telegram.org/bot8604311717:AAEzbHx-N1AOaluGO_IZQOlfaNUu_zK80qU/getUpdates "HTTP/1.1 200 OK"
2026-03-25 01:17:51,733 [INFO] httpx: HTTP Request: POST https://api.telegram.org/bot8604311717:AAEzbHx-N1AOaluGO_IZQOlfaNUu_zK80qU/getUpdates "HTTP/1.1 200 OK"
2026-03-25 01:18:01,752 [INFO] httpx: HTTP Request: POST https://api.telegram.org/bot8604311717:AAEzbHx-N1AOaluGO_IZQOlfaNUu_zK80qU/getUpdates "HTTP/1.1 200 OK"
2026-03-25 01:18:11,770 [INFO] httpx: HTTP Request: POST https://api.telegram.org/bot8604311717:AAEzbHx-N1AOaluGO_IZQOlfaNUu_zK80qU/getUpdates "HTTP/1.1 200 OK"
2026-03-25 01:18:21,789 [INFO] httpx: HTTP Request: POST https://api.telegram.org/bot8604311717:AAEzbHx-N1AOaluGO_IZQOlfaNUu_zK80qU/getUpdates "HTTP/1.1 200 OK"
2026-03-25 01:18:31,808 [INFO] httpx: HTTP Request: POST https://api.telegram.org/bot8604311717:AAEzbHx-N1AOaluGO_IZQOlfaNUu_zK80qU/getUpdates "HTTP/1.1 200 OK"
2026-03-25 01:18:41,827 [INFO] httpx: HTTP Request: POST https://api.telegram.org/bot8604311717:AAEzbHx-N1AOaluGO_IZQOlfaNUu_zK80qU/getUpdates "HTTP/1.1 200 OK"
2026-03-25 01:18:51,845 [INFO] httpx: HTTP Request: POST https://api.telegram.org/bot8604311717:AAEzbHx-N1AOaluGO_IZQOlfaNUu_zK80qU/getUpdates "HTTP/1.1 200 OK"
2026-03-25 01:19:01,865 [INFO] httpx: HTTP Request: POST https://api.telegram.org/bot8604311717:AAEzbHx-N1AOaluGO_IZQOlfaNUu_zK80qU/getUpdates "HTTP/1.1 200 OK"
2026-03-25 01:19:11,883 [INFO] httpx: HTTP Request: POST https://api.telegram.org/bot8604311717:AAEzbHx-N1AOaluGO_IZQOlfaNUu_zK80qU/getUpdates "HTTP/1.1 200 OK"
2026-03-25 01:19:21,902 [INFO] httpx: HTTP Request: POST https://api.telegram.org/bot8604311717:AAEzbHx-N1AOaluGO_IZQOlfaNUu_zK80qU/getUpdates "HTTP/1.1 200 OK"
2026-03-25 01:19:31,921 [INFO] httpx: HTTP Request: POST https://api.telegram.org/bot8604311717:AAEzbHx-N1AOaluGO_IZQOlfaNUu_zK80qU/getUpdates "HTTP/1.1 200 OK"
2026-03-25 01:19:41,941 [INFO] httpx: HTTP Request: POST https://api.telegram.org/bot8604311717:AAEzbHx-N1AOaluGO_IZQOlfaNUu_zK80qU/getUpdates "HTTP/1.1 200 OK"
2026-03-25 01:19:51,959 [INFO] httpx: HTTP Request: POST https://api.telegram.org/bot8604311717:AAEzbHx-N1AOaluGO_IZQOlfaNUu_zK80qU/getUpdates "HTTP/1.1 200 OK"
2026-03-25 01:20:01,978 [INFO] httpx: HTTP Request: POST https://api.telegram.org/bot8604311717:AAEzbHx-N1AOaluGO_IZQOlfaNUu_zK80qU/getUpdates "HTTP/1.1 200 OK"
2026-03-25 01:20:11,995 [INFO] httpx: HTTP Request: POST https://api.telegram.org/bot8604311717:AAEzbHx-N1AOaluGO_IZQOlfaNUu_zK80qU/getUpdates "HTTP/1.1 200 OK"
2026-03-25 01:20:22,014 [INFO] httpx: HTTP Request: POST https://api.telegram.org/bot8604311717:AAEzbHx-N1AOaluGO_IZQOlfaNUu_zK80qU/getUpdates "HTTP/1.1 200 OK"
2026-03-25 01:20:32,033 [INFO] httpx: HTTP Request: POST https://api.telegram.org/bot8604311717:AAEzbHx-N1AOaluGO_IZQOlfaNUu_zK80qU/getUpdates "HTTP/1.1 200 OK"
2026-03-25 01:20:42,052 [INFO] httpx: HTTP Request: POST https://api.telegram.org/bot8604311717:AAEzbHx-N1AOaluGO_IZQOlfaNUu_zK80qU/getUpdates "HTTP/1.1 200 OK"
2026-03-25 01:20:52,070 [INFO] httpx: HTTP Request: POST https://api.telegram.org/bot8604311717:AAEzbHx-N1AOaluGO_IZQOlfaNUu_zK80qU/getUpdates "HTTP/1.1 200 OK"
2026-03-25 01:21:02,089 [INFO] httpx: HTTP Request: POST https://api.telegram.org/bot8604311717:AAEzbHx-N1AOaluGO_IZQOlfaNUu_zK80qU/getUpdates "HTTP/1.1 200 OK"
2026-03-25 01:21:12,108 [INFO] httpx: HTTP Request: POST https://api.telegram.org/bot8604311717:AAEzbHx-N1AOaluGO_IZQOlfaNUu_zK80qU/getUpdates "HTTP/1.1 200 OK"
2026-03-25 01:21:22,127 [INFO] httpx: HTTP Request: POST https://api.telegram.org/bot8604311717:AAEzbHx-N1AOaluGO_IZQOlfaNUu_zK80qU/getUpdates "HTTP/1.1 200 OK"
2026-03-25 01:21:32,146 [INFO] httpx: HTTP Request: POST https://api.telegram.org/bot8604311717:AAEzbHx-N1AOaluGO_IZQOlfaNUu_zK80qU/getUpdates "HTTP/1.1 200 OK"
2026-03-25 01:21:42,163 [INFO] httpx: HTTP Request: POST https://api.telegram.org/bot8604311717:AAEzbHx-N1AOaluGO_IZQOlfaNUu_zK80qU/getUpdates "HTTP/1.1 200 OK"
2026-03-25 01:21:52,182 [INFO] httpx: HTTP Request: POST https://api.telegram.org/bot8604311717:AAEzbHx-N1AOaluGO_IZQOlfaNUu_zK80qU/getUpdates "HTTP/1.1 200 OK"
2026-03-25 01:22:02,201 [INFO] httpx: HTTP Request: POST https://api.telegram.org/bot8604311717:AAEzbHx-N1AOaluGO_IZQOlfaNUu_zK80qU/getUpdates "HTTP/1.1 200 OK"
2026-03-25 01:22:12,220 [INFO] httpx: HTTP Request: POST https://api.telegram.org/bot8604311717:AAEzbHx-N1AOaluGO_IZQOlfaNUu_zK80qU/getUpdates "HTTP/1.1 200 OK"
2026-03-25 01:22:22,239 [INFO] httpx: HTTP Request: POST https://api.telegram.org/bot8604311717:AAEzbHx-N1AOaluGO_IZQOlfaNUu_zK80qU/getUpdates "HTTP/1.1 200 OK"
2026-03-25 01:22:32,259 [INFO] httpx: HTTP Request: POST https://api.telegram.org/bot8604311717:AAEzbHx-N1AOaluGO_IZQOlfaNUu_zK80qU/getUpdates "HTTP/1.1 200 OK"
2026-03-25 01:22:42,277 [INFO] httpx: HTTP Request: POST https://api.telegram.org/bot8604311717:AAEzbHx-N1AOaluGO_IZQOlfaNUu_zK80qU/getUpdates "HTTP/1.1 200 OK"
2026-03-25 01:22:52,296 [INFO] httpx: HTTP Request: POST https://api.telegram.org/bot8604311717:AAEzbHx-N1AOaluGO_IZQOlfaNUu_zK80qU/getUpdates "HTTP/1.1 200 OK"
2026-03-25 01:23:02,314 [INFO] httpx: HTTP Request: POST https://api.telegram.org/bot8604311717:AAEzbHx-N1AOaluGO_IZQOlfaNUu_zK80qU/getUpdates "HTTP/1.1 200 OK"
2026-03-25 01:23:12,333 [INFO] httpx: HTTP Request: POST https://api.telegram.org/bot8604311717:AAEzbHx-N1AOaluGO_IZQOlfaNUu_zK80qU/getUpdates "HTTP/1.1 200 OK"
2026-03-25 01:23:22,352 [INFO] httpx: HTTP Request: POST https://api.telegram.org/bot8604311717:AAEzbHx-N1AOaluGO_IZQOlfaNUu_zK80qU/getUpdates "HTTP/1.1 200 OK"
2026-03-25 01:23:32,371 [INFO] httpx: HTTP Request: POST https://api.telegram.org/bot8604311717:AAEzbHx-N1AOaluGO_IZQOlfaNUu_zK80qU/getUpdates "HTTP/1.1 200 OK"
2026-03-25 01:23:42,390 [INFO] httpx: HTTP Request: POST https://api.telegram.org/bot8604311717:AAEzbHx-N1AOaluGO_IZQOlfaNUu_zK80qU/getUpdates "HTTP/1.1 200 OK"
2026-03-25 01:23:52,409 [INFO] httpx: HTTP Request: POST https://api.telegram.org/bot8604311717:AAEzbHx-N1AOaluGO_IZQOlfaNUu_zK80qU/getUpdates "HTTP/1.1 200 OK"
2026-03-25 01:24:02,428 [INFO] httpx: HTTP Request: POST https://api.telegram.org/bot8604311717:AAEzbHx-N1AOaluGO_IZQOlfaNUu_zK80qU/getUpdates "HTTP/1.1 200 OK"
2026-03-25 01:24:12,447 [INFO] httpx: HTTP Request: POST https://api.telegram.org/bot8604311717:AAEzbHx-N1AOaluGO_IZQOlfaNUu_zK80qU/getUpdates "HTTP/1.1 200 OK"
2026-03-25 01:24:22,466 [INFO] httpx: HTTP Request: POST https://api.telegram.org/bot8604311717:AAEzbHx-N1AOaluGO_IZQOlfaNUu_zK80qU/getUpdates "HTTP/1.1 200 OK"
2026-03-25 01:24:32,484 [INFO] httpx: HTTP Request: POST https://api.telegram.org/bot8604311717:AAEzbHx-N1AOaluGO_IZQOlfaNUu_zK80qU/getUpdates "HTTP/1.1 200 OK"
2026-03-25 01:24:42,502 [INFO] httpx: HTTP Request: POST https://api.telegram.org/bot8604311717:AAEzbHx-N1AOaluGO_IZQOlfaNUu_zK80qU/getUpdates "HTTP/1.1 200 OK"
2026-03-25 01:24:52,522 [INFO] httpx: HTTP Request: POST https://api.telegram.org/bot8604311717:AAEzbHx-N1AOaluGO_IZQOlfaNUu_zK80qU/getUpdates "HTTP/1.1 200 OK"
2026-03-25 01:25:02,541 [INFO] httpx: HTTP Request: POST https://api.telegram.org/bot8604311717:AAEzbHx-N1AOaluGO_IZQOlfaNUu_zK80qU/getUpdates "HTTP/1.1 200 OK"
2026-03-25 01:25:12,559 [INFO] httpx: HTTP Request: POST https://api.telegram.org/bot8604311717:AAEzbHx-N1AOaluGO_IZQOlfaNUu_zK80qU/getUpdates "HTTP/1.1 200 OK"
2026-03-25 01:25:22,577 [INFO] httpx: HTTP Request: POST https://api.telegram.org/bot8604311717:AAEzbHx-N1AOaluGO_IZQOlfaNUu_zK80qU/getUpdates "HTTP/1.1 200 OK"
2026-03-25 01:25:32,596 [INFO] httpx: HTTP Request: POST https://api.telegram.org/bot8604311717:AAEzbHx-N1AOaluGO_IZQOlfaNUu_zK80qU/getUpdates "HTTP/1.1 200 OK"
2026-03-25 01:25:42,615 [INFO] httpx: HTTP Request: POST https://api.telegram.org/bot8604311717:AAEzbHx-N1AOaluGO_IZQOlfaNUu_zK80qU/getUpdates "HTTP/1.1 200 OK"
2026-03-25 01:25:52,634 [INFO] httpx: HTTP Request: POST https://api.telegram.org/bot8604311717:AAEzbHx-N1AOaluGO_IZQOlfaNUu_zK80qU/getUpdates "HTTP/1.1 200 OK"
2026-03-25 01:26:02,652 [INFO] httpx: HTTP Request: POST https://api.telegram.org/bot8604311717:AAEzbHx-N1AOaluGO_IZQOlfaNUu_zK80qU/getUpdates "HTTP/1.1 200 OK"
2026-03-25 01:26:12,671 [INFO] httpx: HTTP Request: POST https://api.telegram.org/bot8604311717:AAEzbHx-N1AOaluGO_IZQOlfaNUu_zK80qU/getUpdates "HTTP/1.1 200 OK"
2026-03-25 01:26:22,690 [INFO] httpx: HTTP Request: POST https://api.telegram.org/bot8604311717:AAEzbHx-N1AOaluGO_IZQOlfaNUu_zK80qU/getUpdates "HTTP/1.1 200 OK"
2026-03-25 01:26:32,708 [INFO] httpx: HTTP Request: POST https://api.telegram.org/bot8604311717:AAEzbHx-N1AOaluGO_IZQOlfaNUu_zK80qU/getUpdates "HTTP/1.1 200 OK"
2026-03-25 01:26:42,726 [INFO] httpx: HTTP Request: POST https://api.telegram.org/bot8604311717:AAEzbHx-N1AOaluGO_IZQOlfaNUu_zK80qU/getUpdates "HTTP/1.1 200 OK"
2026-03-25 01:26:52,746 [INFO] httpx: HTTP Request: POST https://api.telegram.org/bot8604311717:AAEzbHx-N1AOaluGO_IZQOlfaNUu_zK80qU/getUpdates "HTTP/1.1 200 OK"
2026-03-25 01:27:02,769 [INFO] httpx: HTTP Request: POST https://api.telegram.org/bot8604311717:AAEzbHx-N1AOaluGO_IZQOlfaNUu_zK80qU/getUpdates "HTTP/1.1 200 OK"
2026-03-25 01:27:12,787 [INFO] httpx: HTTP Request: POST https://api.telegram.org/bot8604311717:AAEzbHx-N1AOaluGO_IZQOlfaNUu_zK80qU/getUpdates "HTTP/1.1 200 OK"
2026-03-25 01:27:22,806 [INFO] httpx: HTTP Request: POST https://api.telegram.org/bot8604311717:AAEzbHx-N1AOaluGO_IZQOlfaNUu_zK80qU/getUpdates "HTTP/1.1 200 OK"
2026-03-25 01:27:32,825 [INFO] httpx: HTTP Request: POST https://api.telegram.org/bot8604311717:AAEzbHx-N1AOaluGO_IZQOlfaNUu_zK80qU/getUpdates "HTTP/1.1 200 OK"
2026-03-25 01:27:42,843 [INFO] httpx: HTTP Request: POST https://api.telegram.org/bot8604311717:AAEzbHx-N1AOaluGO_IZQOlfaNUu_zK80qU/getUpdates "HTTP/1.1 200 OK"
2026-03-25 01:27:52,863 [INFO] httpx: HTTP Request: POST https://api.telegram.org/bot8604311717:AAEzbHx-N1AOaluGO_IZQOlfaNUu_zK80qU/getUpdates "HTTP/1.1 200 OK"
2026-03-25 01:28:02,881 [INFO] httpx: HTTP Request: POST https://api.telegram.org/bot8604311717:AAEzbHx-N1AOaluGO_IZQOlfaNUu_zK80qU/getUpdates "HTTP/1.1 200 OK"
2026-03-25 01:28:12,901 [INFO] httpx: HTTP Request: POST https://api.telegram.org/bot8604311717:AAEzbHx-N1AOaluGO_IZQOlfaNUu_zK80qU/getUpdates "HTTP/1.1 200 OK"
2026-03-25 01:28:22,919 [INFO] httpx: HTTP Request: POST https://api.telegram.org/bot8604311717:AAEzbHx-N1AOaluGO_IZQOlfaNUu_zK80qU/getUpdates "HTTP/1.1 200 OK"
2026-03-25 01:28:32,939 [INFO] httpx: HTTP Request: POST https://api.telegram.org/bot8604311717:AAEzbHx-N1AOaluGO_IZQOlfaNUu_zK80qU/getUpdates "HTTP/1.1 200 OK"
2026-03-25 01:28:42,963 [INFO] httpx: HTTP Request: POST https://api.telegram.org/bot8604311717:AAEzbHx-N1AOaluGO_IZQOlfaNUu_zK80qU/getUpdates "HTTP/1.1 200 OK"
2026-03-25 01:28:52,982 [INFO] httpx: HTTP Request: POST https://api.telegram.org/bot8604311717:AAEzbHx-N1AOaluGO_IZQOlfaNUu_zK80qU/getUpdates "HTTP/1.1 200 OK"
2026-03-25 01:29:03,003 [INFO] httpx: HTTP Request: POST https://api.telegram.org/bot8604311717:AAEzbHx-N1AOaluGO_IZQOlfaNUu_zK80qU/getUpdates "HTTP/1.1 200 OK"
2026-03-25 01:29:13,021 [INFO] httpx: HTTP Request: POST https://api.telegram.org/bot8604311717:AAEzbHx-N1AOaluGO_IZQOlfaNUu_zK80qU/getUpdates "HTTP/1.1 200 OK"
2026-03-25 01:29:23,039 [INFO] httpx: HTTP Request: POST https://api.telegram.org/bot8604311717:AAEzbHx-N1AOaluGO_IZQOlfaNUu_zK80qU/getUpdates "HTTP/1.1 200 OK"
2026-03-25 01:29:33,058 [INFO] httpx: HTTP Request: POST https://api.telegram.org/bot8604311717:AAEzbHx-N1AOaluGO_IZQOlfaNUu_zK80qU/getUpdates "HTTP/1.1 200 OK"
2026-03-25 01:29:43,076 [INFO] httpx: HTTP Request: POST https://api.telegram.org/bot8604311717:AAEzbHx-N1AOaluGO_IZQOlfaNUu_zK80qU/getUpdates "HTTP/1.1 200 OK"
2026-03-25 01:29:53,095 [INFO] httpx: HTTP Request: POST https://api.telegram.org/bot8604311717:AAEzbHx-N1AOaluGO_IZQOlfaNUu_zK80qU/getUpdates "HTTP/1.1 200 OK"
2026-03-25 01:30:03,113 [INFO] httpx: HTTP Request: POST https://api.telegram.org/bot8604311717:AAEzbHx-N1AOaluGO_IZQOlfaNUu_zK80qU/getUpdates "HTTP/1.1 200 OK"
2026-03-25 01:30:13,131 [INFO] httpx: HTTP Request: POST https://api.telegram.org/bot8604311717:AAEzbHx-N1AOaluGO_IZQOlfaNUu_zK80qU/getUpdates "HTTP/1.1 200 OK"
2026-03-25 01:30:23,150 [INFO] httpx: HTTP Request: POST https://api.telegram.org/bot8604311717:AAEzbHx-N1AOaluGO_IZQOlfaNUu_zK80qU/getUpdates "HTTP/1.1 200 OK"
2026-03-25 01:30:33,168 [INFO] httpx: HTTP Request: POST https://api.telegram.org/bot8604311717:AAEzbHx-N1AOaluGO_IZQOlfaNUu_zK80qU/getUpdates "HTTP/1.1 200 OK"
2026-03-25 01:30:43,186 [INFO] httpx: HTTP Request: POST https://api.telegram.org/bot8604311717:AAEzbHx-N1AOaluGO_IZQOlfaNUu_zK80qU/getUpdates "HTTP/1.1 200 OK"
2026-03-25 01:30:53,206 [INFO] httpx: HTTP Request: POST https://api.telegram.org/bot8604311717:AAEzbHx-N1AOaluGO_IZQOlfaNUu_zK80qU/getUpdates "HTTP/1.1 200 OK"
2026-03-25 01:31:03,225 [INFO] httpx: HTTP Request: POST https://api.telegram.org/bot8604311717:AAEzbHx-N1AOaluGO_IZQOlfaNUu_zK80qU/getUpdates "HTTP/1.1 200 OK"
2026-03-25 01:31:13,244 [INFO] httpx: HTTP Request: POST https://api.telegram.org/bot8604311717:AAEzbHx-N1AOaluGO_IZQOlfaNUu_zK80qU/getUpdates "HTTP/1.1 200 OK"
2026-03-25 01:31:23,320 [INFO] httpx: HTTP Request: POST https://api.telegram.org/bot8604311717:AAEzbHx-N1AOaluGO_IZQOlfaNUu_zK80qU/getUpdates "HTTP/1.1 200 OK"
2026-03-25 01:31:33,341 [INFO] httpx: HTTP Request: POST https://api.telegram.org/bot8604311717:AAEzbHx-N1AOaluGO_IZQOlfaNUu_zK80qU/getUpdates "HTTP/1.1 200 OK"
2026-03-25 01:31:43,363 [INFO] httpx: HTTP Request: POST https://api.telegram.org/bot8604311717:AAEzbHx-N1AOaluGO_IZQOlfaNUu_zK80qU/getUpdates "HTTP/1.1 200 OK"
2026-03-25 01:31:53,381 [INFO] httpx: HTTP Request: POST https://api.telegram.org/bot8604311717:AAEzbHx-N1AOaluGO_IZQOlfaNUu_zK80qU/getUpdates "HTTP/1.1 200 OK"
2026-03-25 01:32:03,403 [INFO] httpx: HTTP Request: POST https://api.telegram.org/bot8604311717:AAEzbHx-N1AOaluGO_IZQOlfaNUu_zK80qU/getUpdates "HTTP/1.1 200 OK"
2026-03-25 01:32:13,425 [INFO] httpx: HTTP Request: POST https://api.telegram.org/bot8604311717:AAEzbHx-N1AOaluGO_IZQOlfaNUu_zK80qU/getUpdates "HTTP/1.1 200 OK"
2026-03-25 01:32:23,446 [INFO] httpx: HTTP Request: POST https://api.telegram.org/bot8604311717:AAEzbHx-N1AOaluGO_IZQOlfaNUu_zK80qU/getUpdates "HTTP/1.1 200 OK"
2026-03-25 01:32:33,465 [INFO] httpx: HTTP Request: POST https://api.telegram.org/bot8604311717:AAEzbHx-N1AOaluGO_IZQOlfaNUu_zK80qU/getUpdates "HTTP/1.1 200 OK"
2026-03-25 01:32:43,487 [INFO] httpx: HTTP Request: POST https://api.telegram.org/bot8604311717:AAEzbHx-N1AOaluGO_IZQOlfaNUu_zK80qU/getUpdates "HTTP/1.1 200 OK"
2026-03-25 01:32:53,506 [INFO] httpx: HTTP Request: POST https://api.telegram.org/bot8604311717:AAEzbHx-N1AOaluGO_IZQOlfaNUu_zK80qU/getUpdates "HTTP/1.1 200 OK"
2026-03-25 01:33:03,527 [INFO] httpx: HTTP Request: POST https://api.telegram.org/bot8604311717:AAEzbHx-N1AOaluGO_IZQOlfaNUu_zK80qU/getUpdates "HTTP/1.1 200 OK"
2026-03-25 01:33:13,547 [INFO] httpx: HTTP Request: POST https://api.telegram.org/bot8604311717:AAEzbHx-N1AOaluGO_IZQOlfaNUu_zK80qU/getUpdates "HTTP/1.1 200 OK"
2026-03-25 01:33:23,566 [INFO] httpx: HTTP Request: POST https://api.telegram.org/bot8604311717:AAEzbHx-N1AOaluGO_IZQOlfaNUu_zK80qU/getUpdates "HTTP/1.1 200 OK"
2026-03-25 01:33:33,591 [INFO] httpx: HTTP Request: POST https://api.telegram.org/bot8604311717:AAEzbHx-N1AOaluGO_IZQOlfaNUu_zK80qU/getUpdates "HTTP/1.1 200 OK"
2026-03-25 01:33:43,628 [INFO] httpx: HTTP Request: POST https://api.telegram.org/bot8604311717:AAEzbHx-N1AOaluGO_IZQOlfaNUu_zK80qU/getUpdates "HTTP/1.1 200 OK"
2026-03-25 01:33:53,648 [INFO] httpx: HTTP Request: POST https://api.telegram.org/bot8604311717:AAEzbHx-N1AOaluGO_IZQOlfaNUu_zK80qU/getUpdates "HTTP/1.1 200 OK"
2026-03-25 01:34:03,668 [INFO] httpx: HTTP Request: POST https://api.telegram.org/bot8604311717:AAEzbHx-N1AOaluGO_IZQOlfaNUu_zK80qU/getUpdates "HTTP/1.1 200 OK"
2026-03-25 01:34:13,689 [INFO] httpx: HTTP Request: POST https://api.telegram.org/bot8604311717:AAEzbHx-N1AOaluGO_IZQOlfaNUu_zK80qU/getUpdates "HTTP/1.1 200 OK"
2026-03-25 01:34:23,713 [INFO] httpx: HTTP Request: POST https://api.telegram.org/bot8604311717:AAEzbHx-N1AOaluGO_IZQOlfaNUu_zK80qU/getUpdates "HTTP/1.1 200 OK"
2026-03-25 01:34:33,733 [INFO] httpx: HTTP Request: POST https://api.telegram.org/bot8604311717:AAEzbHx-N1AOaluGO_IZQOlfaNUu_zK80qU/getUpdates "HTTP/1.1 200 OK"
2026-03-25 01:34:43,753 [INFO] httpx: HTTP Request: POST https://api.telegram.org/bot8604311717:AAEzbHx-N1AOaluGO_IZQOlfaNUu_zK80qU/getUpdates "HTTP/1.1 200 OK"
2026-03-25 01:34:53,773 [INFO] httpx: HTTP Request: POST https://api.telegram.org/bot8604311717:AAEzbHx-N1AOaluGO_IZQOlfaNUu_zK80qU/getUpdates "HTTP/1.1 200 OK"
2026-03-25 01:35:03,792 [INFO] httpx: HTTP Request: POST https://api.telegram.org/bot8604311717:AAEzbHx-N1AOaluGO_IZQOlfaNUu_zK80qU/getUpdates "HTTP/1.1 200 OK"
2026-03-25 01:35:13,813 [INFO] httpx: HTTP Request: POST https://api.telegram.org/bot8604311717:AAEzbHx-N1AOaluGO_IZQOlfaNUu_zK80qU/getUpdates "HTTP/1.1 200 OK"
2026-03-25 01:35:23,833 [INFO] httpx: HTTP Request: POST https://api.telegram.org/bot8604311717:AAEzbHx-N1AOaluGO_IZQOlfaNUu_zK80qU/getUpdates "HTTP/1.1 200 OK"
2026-03-25 01:35:33,860 [INFO] httpx: HTTP Request: POST https://api.telegram.org/bot8604311717:AAEzbHx-N1AOaluGO_IZQOlfaNUu_zK80qU/getUpdates "HTTP/1.1 200 OK"
2026-03-25 01:35:43,881 [INFO] httpx: HTTP Request: POST https://api.telegram.org/bot8604311717:AAEzbHx-N1AOaluGO_IZQOlfaNUu_zK80qU/getUpdates "HTTP/1.1 200 OK"
2026-03-25 01:35:53,901 [INFO] httpx: HTTP Request: POST https://api.telegram.org/bot8604311717:AAEzbHx-N1AOaluGO_IZQOlfaNUu_zK80qU/getUpdates "HTTP/1.1 200 OK"
2026-03-25 01:36:03,921 [INFO] httpx: HTTP Request: POST https://api.telegram.org/bot8604311717:AAEzbHx-N1AOaluGO_IZQOlfaNUu_zK80qU/getUpdates "HTTP/1.1 200 OK"
2026-03-25 01:36:13,943 [INFO] httpx: HTTP Request: POST https://api.telegram.org/bot8604311717:AAEzbHx-N1AOaluGO_IZQOlfaNUu_zK80qU/getUpdates "HTTP/1.1 200 OK"
2026-03-25 01:36:23,962 [INFO] httpx: HTTP Request: POST https://api.telegram.org/bot8604311717:AAEzbHx-N1AOaluGO_IZQOlfaNUu_zK80qU/getUpdates "HTTP/1.1 200 OK"
2026-03-25 01:36:33,984 [INFO] httpx: HTTP Request: POST https://api.telegram.org/bot8604311717:AAEzbHx-N1AOaluGO_IZQOlfaNUu_zK80qU/getUpdates "HTTP/1.1 200 OK"
2026-03-25 01:36:44,008 [INFO] httpx: HTTP Request: POST https://api.telegram.org/bot8604311717:AAEzbHx-N1AOaluGO_IZQOlfaNUu_zK80qU/getUpdates "HTTP/1.1 200 OK"
2026-03-25 01:36:54,027 [INFO] httpx: HTTP Request: POST https://api.telegram.org/bot8604311717:AAEzbHx-N1AOaluGO_IZQOlfaNUu_zK80qU/getUpdates "HTTP/1.1 200 OK"
2026-03-25 01:37:04,049 [INFO] httpx: HTTP Request: POST https://api.telegram.org/bot8604311717:AAEzbHx-N1AOaluGO_IZQOlfaNUu_zK80qU/getUpdates "HTTP/1.1 200 OK"
2026-03-25 01:37:14,069 [INFO] httpx: HTTP Request: POST https://api.telegram.org/bot8604311717:AAEzbHx-N1AOaluGO_IZQOlfaNUu_zK80qU/getUpdates "HTTP/1.1 200 OK"
2026-03-25 01:37:24,095 [INFO] httpx: HTTP Request: POST https://api.telegram.org/bot8604311717:AAEzbHx-N1AOaluGO_IZQOlfaNUu_zK80qU/getUpdates "HTTP/1.1 200 OK"
2026-03-25 01:37:34,116 [INFO] httpx: HTTP Request: POST https://api.telegram.org/bot8604311717:AAEzbHx-N1AOaluGO_IZQOlfaNUu_zK80qU/getUpdates "HTTP/1.1 200 OK"
2026-03-25 01:37:44,137 [INFO] httpx: HTTP Request: POST https://api.telegram.org/bot8604311717:AAEzbHx-N1AOaluGO_IZQOlfaNUu_zK80qU/getUpdates "HTTP/1.1 200 OK"
2026-03-25 01:37:54,158 [INFO] httpx: HTTP Request: POST https://api.telegram.org/bot8604311717:AAEzbHx-N1AOaluGO_IZQOlfaNUu_zK80qU/getUpdates "HTTP/1.1 200 OK"
2026-03-25 01:38:04,186 [INFO] httpx: HTTP Request: POST https://api.telegram.org/bot8604311717:AAEzbHx-N1AOaluGO_IZQOlfaNUu_zK80qU/getUpdates "HTTP/1.1 200 OK"
2026-03-25 01:38:14,206 [INFO] httpx: HTTP Request: POST https://api.telegram.org/bot8604311717:AAEzbHx-N1AOaluGO_IZQOlfaNUu_zK80qU/getUpdates "HTTP/1.1 200 OK"
2026-03-25 01:38:24,224 [INFO] httpx: HTTP Request: POST https://api.telegram.org/bot8604311717:AAEzbHx-N1AOaluGO_IZQOlfaNUu_zK80qU/getUpdates "HTTP/1.1 200 OK"
2026-03-25 01:38:34,243 [INFO] httpx: HTTP Request: POST https://api.telegram.org/bot8604311717:AAEzbHx-N1AOaluGO_IZQOlfaNUu_zK80qU/getUpdates "HTTP/1.1 200 OK"
2026-03-25 01:38:44,265 [INFO] httpx: HTTP Request: POST https://api.telegram.org/bot8604311717:AAEzbHx-N1AOaluGO_IZQOlfaNUu_zK80qU/getUpdates "HTTP/1.1 200 OK"
2026-03-25 01:38:54,285 [INFO] httpx: HTTP Request: POST https://api.telegram.org/bot8604311717:AAEzbHx-N1AOaluGO_IZQOlfaNUu_zK80qU/getUpdates "HTTP/1.1 200 OK"
2026-03-25 01:39:04,306 [INFO] httpx: HTTP Request: POST https://api.telegram.org/bot8604311717:AAEzbHx-N1AOaluGO_IZQOlfaNUu_zK80qU/getUpdates "HTTP/1.1 200 OK"
2026-03-25 01:39:14,330 [INFO] httpx: HTTP Request: POST https://api.telegram.org/bot8604311717:AAEzbHx-N1AOaluGO_IZQOlfaNUu_zK80qU/getUpdates "HTTP/1.1 200 OK"
2026-03-25 01:39:24,351 [INFO] httpx: HTTP Request: POST https://api.telegram.org/bot8604311717:AAEzbHx-N1AOaluGO_IZQOlfaNUu_zK80qU/getUpdates "HTTP/1.1 200 OK"
2026-03-27 02:50:26,724 [INFO] scraper: [MOCK] Returning 5 fake listings
2026-03-27 02:50:26,762 [INFO] scraper: [MOCK] Returning 5 fake listings
2026-03-27 02:50:26,762 [INFO] scraper: [MOCK] Returning 5 fake listings
2026-03-27 02:50:26,762 [INFO] agent: [MOCK] Returning personalized template message for seller_type=particulier
2026-03-27 02:50:26,762 [INFO] agent: Listing mock_001 → type=particulier, tone=Séduction / narratif, score=N/A, msg_len=623
2026-03-27 02:51:34,526 [INFO] scraper: [MOCK] Returning 5 fake listings
2026-03-27 02:51:34,527 [INFO] scraper: [MOCK] Returning 5 fake listings
2026-03-27 02:51:34,527 [INFO] scraper: [MOCK] Returning 5 fake listings
